{"meta": {"format": 3, "version": "7.13.1", "timestamp": "2026-01-22T00:40:00.614085", "branch_coverage": false, "show_contexts": false}, "files": {"jinja2_async_environment/bccache.py": {"executed_lines": [1, 2, 4, 5, 6, 9, 10, 15, 20, 23, 26, 28, 29, 31, 33, 36, 37, 38, 39, 40, 42, 43, 46, 47, 48, 49, 51, 57, 58, 59, 61, 64, 66, 67, 69, 70, 72, 73, 74, 75, 76, 77, 78, 80, 81, 85, 88, 89, 90, 91, 92, 94, 95, 97, 100, 102, 103], "summary": {"covered_lines": 57, "num_statements": 57, "percent_covered": 100.0, "percent_covered_display": "100", "missing_lines": 0, "excluded_lines": 3, "percent_statements_covered": 100.0, "percent_statements_covered_display": "100"}, "missing_lines": [], "excluded_lines": [11, 16, 21], "functions": {"AsyncBytecodeCache.load_bytecode": {"executed_lines": [], "summary": {"covered_lines": 0, "num_statements": 0, "percent_covered": 100.0, "percent_covered_display": "100", "missing_lines": 0, "excluded_lines": 1, "percent_statements_covered": 100.0, "percent_statements_covered_display": "100"}, "missing_lines": [], "excluded_lines": [11], "start_line": 10}, "AsyncBytecodeCache.dump_bytecode": {"executed_lines": [], "summary": {"covered_lines": 0, "num_statements": 0, "percent_covered": 100.0, "percent_covered_display": "100", "missing_lines": 0, "excluded_lines": 1, "percent_statements_covered": 100.0, "percent_statements_covered_display": "100"}, "missing_lines": [], "excluded_lines": [16], "start_line": 15}, "AsyncBytecodeCache.clear": {"executed_lines": [], "summary": {"covered_lines": 0, "num_statements": 0, "percent_covered": 100.0, "percent_covered_display": "100", "missing_lines": 0, "excluded_lines": 1, "percent_statements_covered": 100.0, "percent_statements_covered_display": "100"}, "missing_lines": [], "excluded_lines": [21], "start_line": 20}, "AsyncBytecodeCache.get_cache_key": {"executed_lines": [26], "summary": {"covered_lines": 1, "num_statements": 1, "percent_covered": 100.0, "percent_covered_display": "100", "missing_lines": 0, "excluded_lines": 0, "percent_statements_covered": 100.0, "percent_statements_covered_display": "100"}, "missing_lines": [], "excluded_lines": [], "start_line": 23}, "AsyncBytecodeCache.get_source_checksum": {"executed_lines": [29, 31], "summary": {"covered_lines": 2, "num_statements": 2, "percent_covered": 100.0, "percent_covered_display": "100", "missing_lines": 0, "excluded_lines": 0, "percent_statements_covered": 100.0, "percent_statements_covered_display": "100"}, "missing_lines": [], "excluded_lines": [], "start_line": 28}, "AsyncBytecodeCache.get_bucket_async": {"executed_lines": [36, 37, 38, 39, 40], "summary": {"covered_lines": 5, "num_statements": 5, "percent_covered": 100.0, "percent_covered_display": "100", "missing_lines": 0, "excluded_lines": 0, "percent_statements_covered": 100.0, "percent_statements_covered_display": "100"}, "missing_lines": [], "excluded_lines": [], "start_line": 33}, "AsyncBytecodeCache.set_bucket_async": {"executed_lines": [43], "summary": {"covered_lines": 1, "num_statements": 1, "percent_covered": 100.0, "percent_covered_display": "100", "missing_lines": 0, "excluded_lines": 0, "percent_statements_covered": 100.0, "percent_statements_covered_display": "100"}, "missing_lines": [], "excluded_lines": [], "start_line": 42}, "AsyncRedisBytecodeCache.__init__": {"executed_lines": [57, 58, 59], "summary": {"covered_lines": 3, "num_statements": 3, "percent_covered": 100.0, "percent_covered_display": "100", "missing_lines": 0, "excluded_lines": 0, "percent_statements_covered": 100.0, "percent_statements_covered_display": "100"}, "missing_lines": [], "excluded_lines": [], "start_line": 51}, "AsyncRedisBytecodeCache.get_cache_key": {"executed_lines": [64], "summary": {"covered_lines": 1, "num_statements": 1, "percent_covered": 100.0, "percent_covered_display": "100", "missing_lines": 0, "excluded_lines": 0, "percent_statements_covered": 100.0, "percent_statements_covered_display": "100"}, "missing_lines": [], "excluded_lines": [], "start_line": 61}, "AsyncRedisBytecodeCache.get_source_checksum": {"executed_lines": [67], "summary": {"covered_lines": 1, "num_statements": 1, "percent_covered": 100.0, "percent_covered_display": "100", "missing_lines": 0, "excluded_lines": 0, "percent_statements_covered": 100.0, "percent_statements_covered_display": "100"}, "missing_lines": [], "excluded_lines": [], "start_line": 66}, "AsyncRedisBytecodeCache.get_bucket_name": {"executed_lines": [70], "summary": {"covered_lines": 1, "num_statements": 1, "percent_covered": 100.0, "percent_covered_display": "100", "missing_lines": 0, "excluded_lines": 0, "percent_statements_covered": 100.0, "percent_statements_covered_display": "100"}, "missing_lines": [], "excluded_lines": [], "start_line": 69}, "AsyncRedisBytecodeCache.load_bytecode": {"executed_lines": [73, 74, 75, 76, 77, 78], "summary": {"covered_lines": 6, "num_statements": 6, "percent_covered": 100.0, "percent_covered_display": "100", "missing_lines": 0, "excluded_lines": 0, "percent_statements_covered": 100.0, "percent_statements_covered_display": "100"}, "missing_lines": [], "excluded_lines": [], "start_line": 72}, "AsyncRedisBytecodeCache.dump_bytecode": {"executed_lines": [81], "summary": {"covered_lines": 1, "num_statements": 1, "percent_covered": 100.0, "percent_covered_display": "100", "missing_lines": 0, "excluded_lines": 0, "percent_statements_covered": 100.0, "percent_statements_covered_display": "100"}, "missing_lines": [], "excluded_lines": [], "start_line": 80}, "AsyncRedisBytecodeCache.get_bucket": {"executed_lines": [88, 89, 90, 91, 92], "summary": {"covered_lines": 5, "num_statements": 5, "percent_covered": 100.0, "percent_covered_display": "100", "missing_lines": 0, "excluded_lines": 0, "percent_statements_covered": 100.0, "percent_statements_covered_display": "100"}, "missing_lines": [], "excluded_lines": [], "start_line": 85}, "AsyncRedisBytecodeCache.set_bucket": {"executed_lines": [95], "summary": {"covered_lines": 1, "num_statements": 1, "percent_covered": 100.0, "percent_covered_display": "100", "missing_lines": 0, "excluded_lines": 0, "percent_statements_covered": 100.0, "percent_statements_covered_display": "100"}, "missing_lines": [], "excluded_lines": [], "start_line": 94}, "AsyncRedisBytecodeCache.get_bucket_async": {"executed_lines": [100], "summary": {"covered_lines": 1, "num_statements": 1, "percent_covered": 100.0, "percent_covered_display": "100", "missing_lines": 0, "excluded_lines": 0, "percent_statements_covered": 100.0, "percent_statements_covered_display": "100"}, "missing_lines": [], "excluded_lines": [], "start_line": 97}, "AsyncRedisBytecodeCache.set_bucket_async": {"executed_lines": [103], "summary": {"covered_lines": 1, "num_statements": 1, "percent_covered": 100.0, "percent_covered_display": "100", "missing_lines": 0, "excluded_lines": 0, "percent_statements_covered": 100.0, "percent_statements_covered_display": "100"}, "missing_lines": [], "excluded_lines": [], "start_line": 102}, "": {"executed_lines": [1, 2, 4, 5, 6, 9, 10, 15, 20, 23, 28, 33, 42, 46, 47, 48, 49, 51, 61, 66, 69, 72, 80, 85, 94, 97, 102], "summary": {"covered_lines": 27, "num_statements": 27, "percent_covered": 100.0, "percent_covered_display": "100", "missing_lines": 0, "excluded_lines": 0, "percent_statements_covered": 100.0, "percent_statements_covered_display": "100"}, "missing_lines": [], "excluded_lines": [], "start_line": 1}}, "classes": {"AsyncBytecodeCache": {"executed_lines": [26, 29, 31, 36, 37, 38, 39, 40, 43], "summary": {"covered_lines": 9, "num_statements": 9, "percent_covered": 100.0, "percent_covered_display": "100", "missing_lines": 0, "excluded_lines": 3, "percent_statements_covered": 100.0, "percent_statements_covered_display": "100"}, "missing_lines": [], "excluded_lines": [11, 16, 21], "start_line": 9}, "AsyncRedisBytecodeCache": {"executed_lines": [57, 58, 59, 64, 67, 70, 73, 74, 75, 76, 77, 78, 81, 88, 89, 90, 91, 92, 95, 100, 103], "summary": {"covered_lines": 21, "num_statements": 21, "percent_covered": 100.0, "percent_covered_display": "100", "missing_lines": 0, "excluded_lines": 0, "percent_statements_covered": 100.0, "percent_statements_covered_display": "100"}, "missing_lines": [], "excluded_lines": [], "start_line": 46}, "": {"executed_lines": [1, 2, 4, 5, 6, 9, 10, 15, 20, 23, 28, 33, 42, 46, 47, 48, 49, 51, 61, 66, 69, 72, 80, 85, 94, 97, 102], "summary": {"covered_lines": 27, "num_statements": 27, "percent_covered": 100.0, "percent_covered_display": "100", "missing_lines": 0, "excluded_lines": 0, "percent_statements_covered": 100.0, "percent_statements_covered_display": "100"}, "missing_lines": [], "excluded_lines": [], "start_line": 1}}}, "jinja2_async_environment/caching/manager.py": {"executed_lines": [3, 4, 5, 7, 9, 10, 13, 14, 15, 16, 19, 22, 29, 31, 49, 54, 59, 64, 69, 71, 73, 74, 75, 76, 78, 84, 91, 97, 104, 119, 120, 121, 123, 125, 128, 129, 137, 138, 139, 141, 142, 148, 150, 172, 174, 183, 184, 185, 186, 187, 188, 189, 190, 192, 194, 201, 208, 210, 211, 217, 218, 219, 228, 229, 231, 233, 246, 253, 254, 256, 258, 272, 279, 280, 282, 284, 297, 304, 305, 307, 309, 324, 328, 330, 354, 355, 356, 359, 369, 380, 386, 389, 390, 391, 394, 395, 399, 401, 403, 406, 413, 421, 422, 426, 427, 428, 429, 431, 433, 439, 442, 443, 446, 452, 455, 456, 457, 458, 464, 466, 468, 469, 471, 472, 475, 487, 488, 489, 496, 500, 505, 510], "summary": {"covered_lines": 132, "num_statements": 145, "percent_covered": 91.03448275862068, "percent_covered_display": "91", "missing_lines": 13, "excluded_lines": 5, "percent_statements_covered": 91.03448275862068, "percent_statements_covered_display": "91"}, "missing_lines": [122, 124, 126, 222, 223, 224, 226, 315, 423, 424, 497, 501, 506], "excluded_lines": [317, 318, 319, 320, 321], "functions": {"CacheManager.__init__": {"executed_lines": [49, 54, 59, 64, 69], "summary": {"covered_lines": 5, "num_statements": 5, "percent_covered": 100.0, "percent_covered_display": "100", "missing_lines": 0, "excluded_lines": 0, "percent_statements_covered": 100.0, "percent_statements_covered_display": "100"}, "missing_lines": [], "excluded_lines": [], "start_line": 31}, "CacheManager.clear_all": {"executed_lines": [73, 74, 75, 76], "summary": {"covered_lines": 4, "num_statements": 4, "percent_covered": 100.0, "percent_covered_display": "100", "missing_lines": 0, "excluded_lines": 0, "percent_statements_covered": 100.0, "percent_statements_covered_display": "100"}, "missing_lines": [], "excluded_lines": [], "start_line": 71}, "CacheManager.cleanup_expired": {"executed_lines": [84], "summary": {"covered_lines": 1, "num_statements": 1, "percent_covered": 100.0, "percent_covered_display": "100", "missing_lines": 0, "excluded_lines": 0, "percent_statements_covered": 100.0, "percent_statements_covered_display": "100"}, "missing_lines": [], "excluded_lines": [], "start_line": 78}, "CacheManager.get_statistics": {"executed_lines": [97], "summary": {"covered_lines": 1, "num_statements": 1, "percent_covered": 100.0, "percent_covered_display": "100", "missing_lines": 0, "excluded_lines": 0, "percent_statements_covered": 100.0, "percent_statements_covered_display": "100"}, "missing_lines": [], "excluded_lines": [], "start_line": 91}, "CacheManager.resize_caches": {"executed_lines": [119, 120, 121, 123, 125], "summary": {"covered_lines": 5, "num_statements": 8, "percent_covered": 62.5, "percent_covered_display": "62", "missing_lines": 3, "excluded_lines": 0, "percent_statements_covered": 62.5, "percent_statements_covered_display": "62"}, "missing_lines": [122, 124, 126], "excluded_lines": [], "start_line": 104}, "CacheManager.get_default": {"executed_lines": [137, 138, 139], "summary": {"covered_lines": 3, "num_statements": 3, "percent_covered": 100.0, "percent_covered_display": "100", "missing_lines": 0, "excluded_lines": 0, "percent_statements_covered": 100.0, "percent_statements_covered_display": "100"}, "missing_lines": [], "excluded_lines": [], "start_line": 129}, "CacheManager.set_default": {"executed_lines": [148], "summary": {"covered_lines": 1, "num_statements": 1, "percent_covered": 100.0, "percent_covered_display": "100", "missing_lines": 0, "excluded_lines": 0, "percent_statements_covered": 100.0, "percent_statements_covered_display": "100"}, "missing_lines": [], "excluded_lines": [], "start_line": 142}, "CacheManager.create_scoped_manager": {"executed_lines": [172, 174, 183, 184, 185, 186, 187, 188, 189, 190, 192], "summary": {"covered_lines": 11, "num_statements": 11, "percent_covered": 100.0, "percent_covered_display": "100", "missing_lines": 0, "excluded_lines": 0, "percent_statements_covered": 100.0, "percent_statements_covered_display": "100"}, "missing_lines": [], "excluded_lines": [], "start_line": 150}, "CacheManager.get_memory_usage_estimate": {"executed_lines": [201, 208, 210, 211, 217, 218, 219, 228, 229, 231], "summary": {"covered_lines": 10, "num_statements": 14, "percent_covered": 71.42857142857143, "percent_covered_display": "71", "missing_lines": 4, "excluded_lines": 0, "percent_statements_covered": 71.42857142857143, "percent_statements_covered_display": "71"}, "missing_lines": [222, 223, 224, 226], "excluded_lines": [], "start_line": 194}, "CacheManager.get": {"executed_lines": [246, 253, 254, 256], "summary": {"covered_lines": 4, "num_statements": 4, "percent_covered": 100.0, "percent_covered_display": "100", "missing_lines": 0, "excluded_lines": 0, "percent_statements_covered": 100.0, "percent_statements_covered_display": "100"}, "missing_lines": [], "excluded_lines": [], "start_line": 233}, "CacheManager.set": {"executed_lines": [272, 279, 280, 282], "summary": {"covered_lines": 4, "num_statements": 4, "percent_covered": 100.0, "percent_covered_display": "100", "missing_lines": 0, "excluded_lines": 0, "percent_statements_covered": 100.0, "percent_statements_covered_display": "100"}, "missing_lines": [], "excluded_lines": [], "start_line": 258}, "CacheManager.delete": {"executed_lines": [297, 304, 305, 307], "summary": {"covered_lines": 4, "num_statements": 4, "percent_covered": 100.0, "percent_covered_display": "100", "missing_lines": 0, "excluded_lines": 0, "percent_statements_covered": 100.0, "percent_statements_covered_display": "100"}, "missing_lines": [], "excluded_lines": [], "start_line": 284}, "CacheManager.create_cache_warmer": {"executed_lines": [], "summary": {"covered_lines": 0, "num_statements": 1, "percent_covered": 0.0, "percent_covered_display": "0", "missing_lines": 1, "excluded_lines": 0, "percent_statements_covered": 0.0, "percent_statements_covered_display": "0"}, "missing_lines": [315], "excluded_lines": [], "start_line": 309}, "CacheManager.__repr__": {"executed_lines": [], "summary": {"covered_lines": 0, "num_statements": 0, "percent_covered": 100.0, "percent_covered_display": "100", "missing_lines": 0, "excluded_lines": 4, "percent_statements_covered": 100.0, "percent_statements_covered_display": "100"}, "missing_lines": [], "excluded_lines": [318, 319, 320, 321], "start_line": 317}, "AdvancedCacheManager.__init__": {"executed_lines": [354, 355, 356, 359], "summary": {"covered_lines": 4, "num_statements": 4, "percent_covered": 100.0, "percent_covered_display": "100", "missing_lines": 0, "excluded_lines": 0, "percent_statements_covered": 100.0, "percent_statements_covered_display": "100"}, "missing_lines": [], "excluded_lines": [], "start_line": 330}, "AdvancedCacheManager._create_caches": {"executed_lines": [380, 386, 389, 390, 391, 394, 395, 399], "summary": {"covered_lines": 8, "num_statements": 8, "percent_covered": 100.0, "percent_covered_display": "100", "missing_lines": 0, "excluded_lines": 0, "percent_statements_covered": 100.0, "percent_statements_covered_display": "100"}, "missing_lines": [], "excluded_lines": [], "start_line": 369}, "AdvancedCacheManager.get_extended_statistics": {"executed_lines": [403, 406, 413, 421, 422, 426, 427, 428, 429, 431], "summary": {"covered_lines": 10, "num_statements": 12, "percent_covered": 83.33333333333333, "percent_covered_display": "83", "missing_lines": 2, "excluded_lines": 0, "percent_statements_covered": 83.33333333333333, "percent_statements_covered_display": "83"}, "missing_lines": [423, 424], "excluded_lines": [], "start_line": 401}, "AdvancedCacheManager.optimize_caches": {"executed_lines": [439, 442, 443, 446, 452, 455, 456, 457, 458, 464], "summary": {"covered_lines": 10, "num_statements": 10, "percent_covered": 100.0, "percent_covered_display": "100", "missing_lines": 0, "excluded_lines": 0, "percent_statements_covered": 100.0, "percent_statements_covered_display": "100"}, "missing_lines": [], "excluded_lines": [], "start_line": 433}, "AdvancedCacheManager.get_memory_efficiency_report": {"executed_lines": [468, 469, 471, 472, 475, 487, 488, 489, 496, 500, 505, 510], "summary": {"covered_lines": 12, "num_statements": 15, "percent_covered": 80.0, "percent_covered_display": "80", "missing_lines": 3, "excluded_lines": 0, "percent_statements_covered": 80.0, "percent_statements_covered_display": "80"}, "missing_lines": [497, 501, 506], "excluded_lines": [], "start_line": 466}, "": {"executed_lines": [3, 4, 5, 7, 9, 10, 13, 14, 15, 16, 19, 22, 29, 31, 71, 78, 91, 104, 128, 129, 141, 142, 150, 194, 233, 258, 284, 309, 324, 328, 330, 369, 401, 433, 466], "summary": {"covered_lines": 35, "num_statements": 35, "percent_covered": 100.0, "percent_covered_display": "100", "missing_lines": 0, "excluded_lines": 1, "percent_statements_covered": 100.0, "percent_statements_covered_display": "100"}, "missing_lines": [], "excluded_lines": [317], "start_line": 1}}, "classes": {"CacheManager": {"executed_lines": [49, 54, 59, 64, 69, 73, 74, 75, 76, 84, 97, 119, 120, 121, 123, 125, 137, 138, 139, 148, 172, 174, 183, 184, 185, 186, 187, 188, 189, 190, 192, 201, 208, 210, 211, 217, 218, 219, 228, 229, 231, 246, 253, 254, 256, 272, 279, 280, 282, 297, 304, 305, 307], "summary": {"covered_lines": 53, "num_statements": 61, "percent_covered": 86.88524590163935, "percent_covered_display": "87", "missing_lines": 8, "excluded_lines": 4, "percent_statements_covered": 86.88524590163935, "percent_statements_covered_display": "87"}, "missing_lines": [122, 124, 126, 222, 223, 224, 226, 315], "excluded_lines": [318, 319, 320, 321], "start_line": 22}, "AdvancedCacheManager": {"executed_lines": [354, 355, 356, 359, 380, 386, 389, 390, 391, 394, 395, 399, 403, 406, 413, 421, 422, 426, 427, 428, 429, 431, 439, 442, 443, 446, 452, 455, 456, 457, 458, 464, 468, 469, 471, 472, 475, 487, 488, 489, 496, 500, 505, 510], "summary": {"covered_lines": 44, "num_statements": 49, "percent_covered": 89.79591836734694, "percent_covered_display": "90", "missing_lines": 5, "excluded_lines": 0, "percent_statements_covered": 89.79591836734694, "percent_statements_covered_display": "90"}, "missing_lines": [423, 424, 497, 501, 506], "excluded_lines": [], "start_line": 324}, "": {"executed_lines": [3, 4, 5, 7, 9, 10, 13, 14, 15, 16, 19, 22, 29, 31, 71, 78, 91, 104, 128, 129, 141, 142, 150, 194, 233, 258, 284, 309, 324, 328, 330, 369, 401, 433, 466], "summary": {"covered_lines": 35, "num_statements": 35, "percent_covered": 100.0, "percent_covered_display": "100", "missing_lines": 0, "excluded_lines": 1, "percent_statements_covered": 100.0, "percent_statements_covered_display": "100"}, "missing_lines": [], "excluded_lines": [317], "start_line": 1}}}, "jinja2_async_environment/caching/strategies.py": {"executed_lines": [3, 4, 5, 6, 8, 10, 13, 14, 17, 18, 19, 20, 21, 22, 23, 24, 27, 30, 31, 32, 33, 35, 36, 37, 39, 40, 41, 43, 44, 47, 48, 49, 50, 51, 52, 53, 54, 57, 58, 59, 62, 63, 64, 66, 67, 68, 70, 72, 73, 74, 77, 78, 81, 89, 90, 93, 95, 98, 99, 101, 103, 107, 110, 111, 112, 113, 115, 116, 118, 120, 121, 122, 125, 126, 130, 132, 134, 135, 139, 149, 152, 153, 154, 155, 156, 157, 158, 160, 161, 163, 167, 168, 169, 170, 173, 174, 178, 180, 182, 184, 185, 217, 219, 222, 224, 244, 246, 254, 257, 272, 273, 274, 277, 278, 279, 280, 282, 283, 287, 288, 293, 295, 297, 298, 303, 304, 305, 307, 308, 311, 312, 314, 316, 318, 320, 323, 324, 329, 331, 332, 333, 334, 335, 336, 337, 339, 350, 365, 380, 382, 384, 415, 417, 420, 423, 432, 468, 498, 502], "summary": {"covered_lines": 159, "num_statements": 241, "percent_covered": 65.97510373443983, "percent_covered_display": "66", "missing_lines": 82, "excluded_lines": 0, "percent_statements_covered": 65.97510373443983, "percent_statements_covered_display": "66"}, "missing_lines": [94, 104, 164, 188, 190, 191, 194, 195, 196, 198, 199, 200, 205, 206, 207, 208, 209, 210, 211, 213, 215, 220, 226, 227, 228, 231, 236, 237, 238, 239, 240, 242, 285, 290, 291, 299, 300, 326, 327, 345, 346, 347, 348, 358, 360, 361, 362, 363, 374, 376, 377, 378, 429, 430, 448, 449, 451, 452, 454, 457, 458, 460, 461, 463, 464, 466, 477, 479, 480, 481, 483, 484, 486, 487, 488, 489, 491, 493, 494, 496, 500, 504], "excluded_lines": [], "functions": {"LFUCache.__init__": {"executed_lines": [31, 32, 33], "summary": {"covered_lines": 3, "num_statements": 3, "percent_covered": 100.0, "percent_covered_display": "100", "missing_lines": 0, "excluded_lines": 0, "percent_statements_covered": 100.0, "percent_statements_covered_display": "100"}, "missing_lines": [], "excluded_lines": [], "start_line": 30}, "LFUCache.get": {"executed_lines": [36, 37, 39, 40, 41, 43, 44, 47, 48, 49, 50, 51, 52, 53, 54, 57, 58, 59, 62, 63, 64, 66, 67, 68, 70], "summary": {"covered_lines": 25, "num_statements": 25, "percent_covered": 100.0, "percent_covered_display": "100", "missing_lines": 0, "excluded_lines": 0, "percent_statements_covered": 100.0, "percent_statements_covered_display": "100"}, "missing_lines": [], "excluded_lines": [], "start_line": 35}, "LFUCache.set": {"executed_lines": [73, 74, 77, 78, 81, 89, 90, 93, 95, 98, 99], "summary": {"covered_lines": 11, "num_statements": 12, "percent_covered": 91.66666666666667, "percent_covered_display": "92", "missing_lines": 1, "excluded_lines": 0, "percent_statements_covered": 91.66666666666667, "percent_statements_covered_display": "92"}, "missing_lines": [94], "excluded_lines": [], "start_line": 72}, "LFUCache._evict_lfu": {"executed_lines": [103, 107, 110, 111, 112, 113, 115, 116], "summary": {"covered_lines": 8, "num_statements": 9, "percent_covered": 88.88888888888889, "percent_covered_display": "89", "missing_lines": 1, "excluded_lines": 0, "percent_statements_covered": 88.88888888888889, "percent_statements_covered_display": "89"}, "missing_lines": [104], "excluded_lines": [], "start_line": 101}, "LFUCache._update_avg_access_time": {"executed_lines": [120, 121, 122, 125, 126], "summary": {"covered_lines": 5, "num_statements": 5, "percent_covered": 100.0, "percent_covered_display": "100", "missing_lines": 0, "excluded_lines": 0, "percent_statements_covered": 100.0, "percent_statements_covered_display": "100"}, "missing_lines": [], "excluded_lines": [], "start_line": 118}, "LFUCache.get_extended_statistics": {"executed_lines": [132, 134, 135, 139], "summary": {"covered_lines": 4, "num_statements": 4, "percent_covered": 100.0, "percent_covered_display": "100", "missing_lines": 0, "excluded_lines": 0, "percent_statements_covered": 100.0, "percent_statements_covered_display": "100"}, "missing_lines": [], "excluded_lines": [], "start_line": 130}, "AdaptiveCache.__init__": {"executed_lines": [153, 154, 155, 156, 157, 158], "summary": {"covered_lines": 6, "num_statements": 6, "percent_covered": 100.0, "percent_covered_display": "100", "missing_lines": 0, "excluded_lines": 0, "percent_statements_covered": 100.0, "percent_statements_covered_display": "100"}, "missing_lines": [], "excluded_lines": [], "start_line": 152}, "AdaptiveCache.get": {"executed_lines": [161, 163, 167, 168, 169, 170, 173, 174, 178], "summary": {"covered_lines": 9, "num_statements": 10, "percent_covered": 90.0, "percent_covered_display": "90", "missing_lines": 1, "excluded_lines": 0, "percent_statements_covered": 90.0, "percent_statements_covered_display": "90"}, "missing_lines": [164], "excluded_lines": [], "start_line": 160}, "AdaptiveCache._evaluate_strategy": {"executed_lines": [182, 184, 185], "summary": {"covered_lines": 3, "num_statements": 21, "percent_covered": 14.285714285714286, "percent_covered_display": "14", "missing_lines": 18, "excluded_lines": 0, "percent_statements_covered": 14.285714285714286, "percent_statements_covered_display": "14"}, "missing_lines": [188, 190, 191, 194, 195, 196, 198, 199, 200, 205, 206, 207, 208, 209, 210, 211, 213, 215], "excluded_lines": [], "start_line": 180}, "AdaptiveCache._evict_lru": {"executed_lines": [219, 222], "summary": {"covered_lines": 2, "num_statements": 3, "percent_covered": 66.66666666666667, "percent_covered_display": "67", "missing_lines": 1, "excluded_lines": 0, "percent_statements_covered": 66.66666666666667, "percent_statements_covered_display": "67"}, "missing_lines": [220], "excluded_lines": [], "start_line": 217}, "AdaptiveCache._evict_lfu_adaptive": {"executed_lines": [], "summary": {"covered_lines": 0, "num_statements": 10, "percent_covered": 0.0, "percent_covered_display": "0", "missing_lines": 10, "excluded_lines": 0, "percent_statements_covered": 0.0, "percent_statements_covered_display": "0"}, "missing_lines": [226, 227, 228, 231, 236, 237, 238, 239, 240, 242], "excluded_lines": [], "start_line": 224}, "AdaptiveCache.get_strategy_info": {"executed_lines": [246], "summary": {"covered_lines": 1, "num_statements": 1, "percent_covered": 100.0, "percent_covered_display": "100", "missing_lines": 0, "excluded_lines": 0, "percent_statements_covered": 100.0, "percent_statements_covered_display": "100"}, "missing_lines": [], "excluded_lines": [], "start_line": 244}, "HierarchicalCache.__init__": {"executed_lines": [272, 273, 274, 277, 278, 279, 280], "summary": {"covered_lines": 7, "num_statements": 7, "percent_covered": 100.0, "percent_covered_display": "100", "missing_lines": 0, "excluded_lines": 0, "percent_statements_covered": 100.0, "percent_statements_covered_display": "100"}, "missing_lines": [], "excluded_lines": [], "start_line": 257}, "HierarchicalCache._default_ttl": {"executed_lines": [], "summary": {"covered_lines": 0, "num_statements": 2, "percent_covered": 0.0, "percent_covered_display": "0", "missing_lines": 2, "excluded_lines": 0, "percent_statements_covered": 0.0, "percent_statements_covered_display": "0"}, "missing_lines": [290, 291], "excluded_lines": [], "start_line": 288}, "HierarchicalCache.get": {"executed_lines": [295, 297, 298, 303, 304, 305, 307, 308, 311, 312], "summary": {"covered_lines": 10, "num_statements": 12, "percent_covered": 83.33333333333333, "percent_covered_display": "83", "missing_lines": 2, "excluded_lines": 0, "percent_statements_covered": 83.33333333333333, "percent_statements_covered_display": "83"}, "missing_lines": [299, 300], "excluded_lines": [], "start_line": 293}, "HierarchicalCache.set": {"executed_lines": [316, 318], "summary": {"covered_lines": 2, "num_statements": 2, "percent_covered": 100.0, "percent_covered_display": "100", "missing_lines": 0, "excluded_lines": 0, "percent_statements_covered": 100.0, "percent_statements_covered_display": "100"}, "missing_lines": [], "excluded_lines": [], "start_line": 314}, "HierarchicalCache._consider_promotion": {"executed_lines": [323, 324], "summary": {"covered_lines": 2, "num_statements": 4, "percent_covered": 50.0, "percent_covered_display": "50", "missing_lines": 2, "excluded_lines": 0, "percent_statements_covered": 50.0, "percent_statements_covered_display": "50"}, "missing_lines": [326, 327], "excluded_lines": [], "start_line": 320}, "HierarchicalCache.clear": {"executed_lines": [331, 332, 333, 334, 335, 336, 337], "summary": {"covered_lines": 7, "num_statements": 7, "percent_covered": 100.0, "percent_covered_display": "100", "missing_lines": 0, "excluded_lines": 0, "percent_statements_covered": 100.0, "percent_statements_covered_display": "100"}, "missing_lines": [], "excluded_lines": [], "start_line": 329}, "HierarchicalCache.cleanup_expired": {"executed_lines": [], "summary": {"covered_lines": 0, "num_statements": 4, "percent_covered": 0.0, "percent_covered_display": "0", "missing_lines": 4, "excluded_lines": 0, "percent_statements_covered": 0.0, "percent_statements_covered_display": "0"}, "missing_lines": [345, 346, 347, 348], "excluded_lines": [], "start_line": 339}, "HierarchicalCache.resize": {"executed_lines": [], "summary": {"covered_lines": 0, "num_statements": 5, "percent_covered": 0.0, "percent_covered_display": "0", "missing_lines": 5, "excluded_lines": 0, "percent_statements_covered": 0.0, "percent_statements_covered_display": "0"}, "missing_lines": [358, 360, 361, 362, 363], "excluded_lines": [], "start_line": 350}, "HierarchicalCache.delete": {"executed_lines": [], "summary": {"covered_lines": 0, "num_statements": 4, "percent_covered": 0.0, "percent_covered_display": "0", "missing_lines": 4, "excluded_lines": 0, "percent_statements_covered": 0.0, "percent_statements_covered_display": "0"}, "missing_lines": [374, 376, 377, 378], "excluded_lines": [], "start_line": 365}, "HierarchicalCache.get_statistics": {"executed_lines": [382, 384], "summary": {"covered_lines": 2, "num_statements": 2, "percent_covered": 100.0, "percent_covered_display": "100", "missing_lines": 0, "excluded_lines": 0, "percent_statements_covered": 100.0, "percent_statements_covered_display": "100"}, "missing_lines": [], "excluded_lines": [], "start_line": 380}, "HierarchicalCache.__len__": {"executed_lines": [417], "summary": {"covered_lines": 1, "num_statements": 1, "percent_covered": 100.0, "percent_covered_display": "100", "missing_lines": 0, "excluded_lines": 0, "percent_statements_covered": 100.0, "percent_statements_covered_display": "100"}, "missing_lines": [], "excluded_lines": [], "start_line": 415}, "CacheWarmer.__init__": {"executed_lines": [], "summary": {"covered_lines": 0, "num_statements": 2, "percent_covered": 0.0, "percent_covered_display": "0", "missing_lines": 2, "excluded_lines": 0, "percent_statements_covered": 0.0, "percent_statements_covered_display": "0"}, "missing_lines": [429, 430], "excluded_lines": [], "start_line": 423}, "CacheWarmer.warm_template_cache": {"executed_lines": [], "summary": {"covered_lines": 0, "num_statements": 12, "percent_covered": 0.0, "percent_covered_display": "0", "missing_lines": 12, "excluded_lines": 0, "percent_statements_covered": 0.0, "percent_statements_covered_display": "0"}, "missing_lines": [448, 449, 451, 452, 454, 457, 458, 460, 461, 463, 464, 466], "excluded_lines": [], "start_line": 432}, "CacheWarmer.warm_package_cache": {"executed_lines": [], "summary": {"covered_lines": 0, "num_statements": 14, "percent_covered": 0.0, "percent_covered_display": "0", "missing_lines": 14, "excluded_lines": 0, "percent_statements_covered": 0.0, "percent_statements_covered_display": "0"}, "missing_lines": [477, 479, 480, 481, 483, 484, 486, 487, 488, 489, 491, 493, 494, 496], "excluded_lines": [], "start_line": 468}, "CacheWarmer.get_warmed_keys": {"executed_lines": [], "summary": {"covered_lines": 0, "num_statements": 1, "percent_covered": 0.0, "percent_covered_display": "0", "missing_lines": 1, "excluded_lines": 0, "percent_statements_covered": 0.0, "percent_statements_covered_display": "0"}, "missing_lines": [500], "excluded_lines": [], "start_line": 498}, "CacheWarmer.clear_warmed_tracking": {"executed_lines": [], "summary": {"covered_lines": 0, "num_statements": 1, "percent_covered": 0.0, "percent_covered_display": "0", "missing_lines": 1, "excluded_lines": 0, "percent_statements_covered": 0.0, "percent_statements_covered_display": "0"}, "missing_lines": [504], "excluded_lines": [], "start_line": 502}, "": {"executed_lines": [3, 4, 5, 6, 8, 10, 13, 14, 17, 18, 19, 20, 21, 22, 23, 24, 27, 30, 35, 72, 101, 118, 130, 149, 152, 160, 180, 217, 224, 244, 254, 257, 282, 283, 287, 288, 293, 314, 320, 329, 339, 350, 365, 380, 415, 420, 423, 432, 468, 498, 502], "summary": {"covered_lines": 51, "num_statements": 51, "percent_covered": 100.0, "percent_covered_display": "100", "missing_lines": 0, "excluded_lines": 0, "percent_statements_covered": 100.0, "percent_statements_covered_display": "100"}, "missing_lines": [], "excluded_lines": [], "start_line": 1}}, "classes": {"CacheStatistics": {"executed_lines": [], "summary": {"covered_lines": 0, "num_statements": 0, "percent_covered": 100.0, "percent_covered_display": "100", "missing_lines": 0, "excluded_lines": 0, "percent_statements_covered": 100.0, "percent_statements_covered_display": "100"}, "missing_lines": [], "excluded_lines": [], "start_line": 14}, "LFUCache": {"executed_lines": [31, 32, 33, 36, 37, 39, 40, 41, 43, 44, 47, 48, 49, 50, 51, 52, 53, 54, 57, 58, 59, 62, 63, 64, 66, 67, 68, 70, 73, 74, 77, 78, 81, 89, 90, 93, 95, 98, 99, 103, 107, 110, 111, 112, 113, 115, 116, 120, 121, 122, 125, 126, 132, 134, 135, 139], "summary": {"covered_lines": 56, "num_statements": 58, "percent_covered": 96.55172413793103, "percent_covered_display": "97", "missing_lines": 2, "excluded_lines": 0, "percent_statements_covered": 96.55172413793103, "percent_statements_covered_display": "97"}, "missing_lines": [94, 104], "excluded_lines": [], "start_line": 27}, "AdaptiveCache": {"executed_lines": [153, 154, 155, 156, 157, 158, 161, 163, 167, 168, 169, 170, 173, 174, 178, 182, 184, 185, 219, 222, 246], "summary": {"covered_lines": 21, "num_statements": 51, "percent_covered": 41.1764705882353, "percent_covered_display": "41", "missing_lines": 30, "excluded_lines": 0, "percent_statements_covered": 41.1764705882353, "percent_statements_covered_display": "41"}, "missing_lines": [164, 188, 190, 191, 194, 195, 196, 198, 199, 200, 205, 206, 207, 208, 209, 210, 211, 213, 215, 220, 226, 227, 228, 231, 236, 237, 238, 239, 240, 242], "excluded_lines": [], "start_line": 149}, "HierarchicalCache": {"executed_lines": [272, 273, 274, 277, 278, 279, 280, 295, 297, 298, 303, 304, 305, 307, 308, 311, 312, 316, 318, 323, 324, 331, 332, 333, 334, 335, 336, 337, 382, 384, 417], "summary": {"covered_lines": 31, "num_statements": 51, "percent_covered": 60.78431372549019, "percent_covered_display": "61", "missing_lines": 20, "excluded_lines": 0, "percent_statements_covered": 60.78431372549019, "percent_statements_covered_display": "61"}, "missing_lines": [285, 290, 291, 299, 300, 326, 327, 345, 346, 347, 348, 358, 360, 361, 362, 363, 374, 376, 377, 378], "excluded_lines": [], "start_line": 254}, "CacheWarmer": {"executed_lines": [], "summary": {"covered_lines": 0, "num_statements": 30, "percent_covered": 0.0, "percent_covered_display": "0", "missing_lines": 30, "excluded_lines": 0, "percent_statements_covered": 0.0, "percent_statements_covered_display": "0"}, "missing_lines": [429, 430, 448, 449, 451, 452, 454, 457, 458, 460, 461, 463, 464, 466, 477, 479, 480, 481, 483, 484, 486, 487, 488, 489, 491, 493, 494, 496, 500, 504], "excluded_lines": [], "start_line": 420}, "": {"executed_lines": [3, 4, 5, 6, 8, 10, 13, 14, 17, 18, 19, 20, 21, 22, 23, 24, 27, 30, 35, 72, 101, 118, 130, 149, 152, 160, 180, 217, 224, 244, 254, 257, 282, 283, 287, 288, 293, 314, 320, 329, 339, 350, 365, 380, 415, 420, 423, 432, 468, 498, 502], "summary": {"covered_lines": 51, "num_statements": 51, "percent_covered": 100.0, "percent_covered_display": "100", "missing_lines": 0, "excluded_lines": 0, "percent_statements_covered": 100.0, "percent_statements_covered_display": "100"}, "missing_lines": [], "excluded_lines": [], "start_line": 1}}}, "jinja2_async_environment/caching/typed.py": {"executed_lines": [3, 4, 5, 6, 8, 11, 12, 15, 16, 17, 18, 19, 22, 33, 40, 41, 42, 43, 44, 47, 48, 49, 51, 60, 61, 62, 63, 65, 66, 69, 70, 71, 72, 73, 74, 77, 78, 81, 82, 83, 85, 86, 88, 96, 97, 100, 101, 104, 112, 115, 116, 117, 119, 128, 129, 130, 131, 132, 133, 134, 136, 138, 139, 140, 141, 142, 143, 145, 148, 150, 151, 152, 153, 154, 155, 157, 163, 164, 165, 171, 172, 173, 174, 176, 178, 184, 185, 186, 188, 198, 204, 205, 208, 209, 211, 217, 218, 219, 220, 221, 222, 223, 225, 234, 235, 236, 238, 239, 242, 243, 245, 247, 253, 254, 255, 261, 263, 265, 267, 269], "summary": {"covered_lines": 120, "num_statements": 120, "percent_covered": 100.0, "percent_covered_display": "100", "missing_lines": 0, "excluded_lines": 0, "percent_statements_covered": 100.0, "percent_statements_covered_display": "100"}, "missing_lines": [], "excluded_lines": [], "functions": {"TypedCache.__init__": {"executed_lines": [40, 41, 42, 43, 44, 47, 48, 49], "summary": {"covered_lines": 8, "num_statements": 8, "percent_covered": 100.0, "percent_covered_display": "100", "missing_lines": 0, "excluded_lines": 0, "percent_statements_covered": 100.0, "percent_statements_covered_display": "100"}, "missing_lines": [], "excluded_lines": [], "start_line": 33}, "TypedCache.get": {"executed_lines": [60, 61, 62, 63, 65, 66, 69, 70, 71, 72, 73, 74, 77, 78, 81, 82, 83, 85, 86], "summary": {"covered_lines": 19, "num_statements": 19, "percent_covered": 100.0, "percent_covered_display": "100", "missing_lines": 0, "excluded_lines": 0, "percent_statements_covered": 100.0, "percent_statements_covered_display": "100"}, "missing_lines": [], "excluded_lines": [], "start_line": 51}, "TypedCache.set": {"executed_lines": [96, 97, 100, 101, 104, 112, 115, 116, 117], "summary": {"covered_lines": 9, "num_statements": 9, "percent_covered": 100.0, "percent_covered_display": "100", "missing_lines": 0, "excluded_lines": 0, "percent_statements_covered": 100.0, "percent_statements_covered_display": "100"}, "missing_lines": [], "excluded_lines": [], "start_line": 88}, "TypedCache.delete": {"executed_lines": [128, 129, 130, 131, 132, 133, 134], "summary": {"covered_lines": 7, "num_statements": 7, "percent_covered": 100.0, "percent_covered_display": "100", "missing_lines": 0, "excluded_lines": 0, "percent_statements_covered": 100.0, "percent_statements_covered_display": "100"}, "missing_lines": [], "excluded_lines": [], "start_line": 119}, "TypedCache.clear": {"executed_lines": [138, 139, 140, 141, 142, 143], "summary": {"covered_lines": 6, "num_statements": 6, "percent_covered": 100.0, "percent_covered_display": "100", "missing_lines": 0, "excluded_lines": 0, "percent_statements_covered": 100.0, "percent_statements_covered_display": "100"}, "missing_lines": [], "excluded_lines": [], "start_line": 136}, "TypedCache._evict_lru": {"executed_lines": [148, 150, 151, 152, 153, 154, 155], "summary": {"covered_lines": 7, "num_statements": 7, "percent_covered": 100.0, "percent_covered_display": "100", "missing_lines": 0, "excluded_lines": 0, "percent_statements_covered": 100.0, "percent_statements_covered_display": "100"}, "missing_lines": [], "excluded_lines": [], "start_line": 145}, "TypedCache.cleanup_expired": {"executed_lines": [163, 164, 165, 171, 172, 173, 174, 176], "summary": {"covered_lines": 8, "num_statements": 8, "percent_covered": 100.0, "percent_covered_display": "100", "missing_lines": 0, "excluded_lines": 0, "percent_statements_covered": 100.0, "percent_statements_covered_display": "100"}, "missing_lines": [], "excluded_lines": [], "start_line": 157}, "TypedCache.get_statistics": {"executed_lines": [184, 185, 186, 188], "summary": {"covered_lines": 4, "num_statements": 4, "percent_covered": 100.0, "percent_covered_display": "100", "missing_lines": 0, "excluded_lines": 0, "percent_statements_covered": 100.0, "percent_statements_covered_display": "100"}, "missing_lines": [], "excluded_lines": [], "start_line": 178}, "TypedCache.resize": {"executed_lines": [204, 205, 208, 209], "summary": {"covered_lines": 4, "num_statements": 4, "percent_covered": 100.0, "percent_covered_display": "100", "missing_lines": 0, "excluded_lines": 0, "percent_statements_covered": 100.0, "percent_statements_covered_display": "100"}, "missing_lines": [], "excluded_lines": [], "start_line": 198}, "TypedCache._evict_excess_entries": {"executed_lines": [217, 218, 219, 220, 221, 222, 223], "summary": {"covered_lines": 7, "num_statements": 7, "percent_covered": 100.0, "percent_covered_display": "100", "missing_lines": 0, "excluded_lines": 0, "percent_statements_covered": 100.0, "percent_statements_covered_display": "100"}, "missing_lines": [], "excluded_lines": [], "start_line": 211}, "TypedCache.contains": {"executed_lines": [234, 235, 236, 238, 239, 242, 243, 245], "summary": {"covered_lines": 8, "num_statements": 8, "percent_covered": 100.0, "percent_covered_display": "100", "missing_lines": 0, "excluded_lines": 0, "percent_statements_covered": 100.0, "percent_statements_covered_display": "100"}, "missing_lines": [], "excluded_lines": [], "start_line": 225}, "TypedCache.keys": {"executed_lines": [253, 254, 255, 261], "summary": {"covered_lines": 4, "num_statements": 4, "percent_covered": 100.0, "percent_covered_display": "100", "missing_lines": 0, "excluded_lines": 0, "percent_statements_covered": 100.0, "percent_statements_covered_display": "100"}, "missing_lines": [], "excluded_lines": [], "start_line": 247}, "TypedCache.__len__": {"executed_lines": [265], "summary": {"covered_lines": 1, "num_statements": 1, "percent_covered": 100.0, "percent_covered_display": "100", "missing_lines": 0, "excluded_lines": 0, "percent_statements_covered": 100.0, "percent_statements_covered_display": "100"}, "missing_lines": [], "excluded_lines": [], "start_line": 263}, "TypedCache.__contains__": {"executed_lines": [269], "summary": {"covered_lines": 1, "num_statements": 1, "percent_covered": 100.0, "percent_covered_display": "100", "missing_lines": 0, "excluded_lines": 0, "percent_statements_covered": 100.0, "percent_statements_covered_display": "100"}, "missing_lines": [], "excluded_lines": [], "start_line": 267}, "": {"executed_lines": [3, 4, 5, 6, 8, 11, 12, 15, 16, 17, 18, 19, 22, 33, 51, 88, 119, 136, 145, 157, 178, 198, 211, 225, 247, 263, 267], "summary": {"covered_lines": 27, "num_statements": 27, "percent_covered": 100.0, "percent_covered_display": "100", "missing_lines": 0, "excluded_lines": 0, "percent_statements_covered": 100.0, "percent_statements_covered_display": "100"}, "missing_lines": [], "excluded_lines": [], "start_line": 1}}, "classes": {"CacheEntry": {"executed_lines": [], "summary": {"covered_lines": 0, "num_statements": 0, "percent_covered": 100.0, "percent_covered_display": "100", "missing_lines": 0, "excluded_lines": 0, "percent_statements_covered": 100.0, "percent_statements_covered_display": "100"}, "missing_lines": [], "excluded_lines": [], "start_line": 12}, "TypedCache": {"executed_lines": [40, 41, 42, 43, 44, 47, 48, 49, 60, 61, 62, 63, 65, 66, 69, 70, 71, 72, 73, 74, 77, 78, 81, 82, 83, 85, 86, 96, 97, 100, 101, 104, 112, 115, 116, 117, 128, 129, 130, 131, 132, 133, 134, 138, 139, 140, 141, 142, 143, 148, 150, 151, 152, 153, 154, 155, 163, 164, 165, 171, 172, 173, 174, 176, 184, 185, 186, 188, 204, 205, 208, 209, 217, 218, 219, 220, 221, 222, 223, 234, 235, 236, 238, 239, 242, 243, 245, 253, 254, 255, 261, 265, 269], "summary": {"covered_lines": 93, "num_statements": 93, "percent_covered": 100.0, "percent_covered_display": "100", "missing_lines": 0, "excluded_lines": 0, "percent_statements_covered": 100.0, "percent_statements_covered_display": "100"}, "missing_lines": [], "excluded_lines": [], "start_line": 22}, "": {"executed_lines": [3, 4, 5, 6, 8, 11, 12, 15, 16, 17, 18, 19, 22, 33, 51, 88, 119, 136, 145, 157, 178, 198, 211, 225, 247, 263, 267], "summary": {"covered_lines": 27, "num_statements": 27, "percent_covered": 100.0, "percent_covered_display": "100", "missing_lines": 0, "excluded_lines": 0, "percent_statements_covered": 100.0, "percent_statements_covered_display": "100"}, "missing_lines": [], "excluded_lines": [], "start_line": 1}}}, "jinja2_async_environment/caching/unified.py": {"executed_lines": [8, 9, 11, 14, 22, 29, 30, 32, 44, 45, 47, 58, 59, 60, 63, 65, 66, 68, 79, 80, 82, 83, 84, 85, 88, 90, 92, 98, 99, 101, 102, 103, 104, 106, 108, 110, 112, 113, 114, 116, 122, 123, 124, 125, 126, 128, 138, 139, 140, 142, 143, 145, 152, 153, 154, 156, 162, 163, 165, 175, 177, 179, 180], "summary": {"covered_lines": 63, "num_statements": 63, "percent_covered": 100.0, "percent_covered_display": "100", "missing_lines": 0, "excluded_lines": 6, "percent_statements_covered": 100.0, "percent_statements_covered_display": "100"}, "missing_lines": [], "excluded_lines": [182, 183, 184, 185, 186, 194], "functions": {"UnifiedCache.__init__": {"executed_lines": [29, 30, 32, 44, 45], "summary": {"covered_lines": 5, "num_statements": 5, "percent_covered": 100.0, "percent_covered_display": "100", "missing_lines": 0, "excluded_lines": 0, "percent_statements_covered": 100.0, "percent_statements_covered_display": "100"}, "missing_lines": [], "excluded_lines": [], "start_line": 22}, "UnifiedCache.get": {"executed_lines": [58, 59, 60, 63, 65, 66], "summary": {"covered_lines": 6, "num_statements": 6, "percent_covered": 100.0, "percent_covered_display": "100", "missing_lines": 0, "excluded_lines": 0, "percent_statements_covered": 100.0, "percent_statements_covered_display": "100"}, "missing_lines": [], "excluded_lines": [], "start_line": 47}, "UnifiedCache.set": {"executed_lines": [79, 80, 82, 83, 84, 85, 88, 90], "summary": {"covered_lines": 8, "num_statements": 8, "percent_covered": 100.0, "percent_covered_display": "100", "missing_lines": 0, "excluded_lines": 0, "percent_statements_covered": 100.0, "percent_statements_covered_display": "100"}, "missing_lines": [], "excluded_lines": [], "start_line": 68}, "UnifiedCache.clear": {"executed_lines": [98, 99, 101, 102, 103, 104], "summary": {"covered_lines": 6, "num_statements": 6, "percent_covered": 100.0, "percent_covered_display": "100", "missing_lines": 0, "excluded_lines": 0, "percent_statements_covered": 100.0, "percent_statements_covered_display": "100"}, "missing_lines": [], "excluded_lines": [], "start_line": 92}, "UnifiedCache.clear_all": {"executed_lines": [108], "summary": {"covered_lines": 1, "num_statements": 1, "percent_covered": 100.0, "percent_covered_display": "100", "missing_lines": 0, "excluded_lines": 0, "percent_statements_covered": 100.0, "percent_statements_covered_display": "100"}, "missing_lines": [], "excluded_lines": [], "start_line": 106}, "UnifiedCache.cleanup_expired": {"executed_lines": [112, 113, 114], "summary": {"covered_lines": 3, "num_statements": 3, "percent_covered": 100.0, "percent_covered_display": "100", "missing_lines": 0, "excluded_lines": 0, "percent_statements_covered": 100.0, "percent_statements_covered_display": "100"}, "missing_lines": [], "excluded_lines": [], "start_line": 110}, "UnifiedCache.get_statistics": {"executed_lines": [122, 123, 124, 125, 126], "summary": {"covered_lines": 5, "num_statements": 5, "percent_covered": 100.0, "percent_covered_display": "100", "missing_lines": 0, "excluded_lines": 0, "percent_statements_covered": 100.0, "percent_statements_covered_display": "100"}, "missing_lines": [], "excluded_lines": [], "start_line": 116}, "UnifiedCache._is_valid": {"executed_lines": [138, 139, 140, 142, 143], "summary": {"covered_lines": 5, "num_statements": 5, "percent_covered": 100.0, "percent_covered_display": "100", "missing_lines": 0, "excluded_lines": 0, "percent_statements_covered": 100.0, "percent_statements_covered_display": "100"}, "missing_lines": [], "excluded_lines": [], "start_line": 128}, "UnifiedCache.resize_cache": {"executed_lines": [152, 153, 154], "summary": {"covered_lines": 3, "num_statements": 3, "percent_covered": 100.0, "percent_covered_display": "100", "missing_lines": 0, "excluded_lines": 0, "percent_statements_covered": 100.0, "percent_statements_covered_display": "100"}, "missing_lines": [], "excluded_lines": [], "start_line": 145}, "UnifiedCache.get_cache_types": {"executed_lines": [162, 163], "summary": {"covered_lines": 2, "num_statements": 2, "percent_covered": 100.0, "percent_covered_display": "100", "missing_lines": 0, "excluded_lines": 0, "percent_statements_covered": 100.0, "percent_statements_covered_display": "100"}, "missing_lines": [], "excluded_lines": [], "start_line": 156}, "UnifiedCache.contains": {"executed_lines": [175], "summary": {"covered_lines": 1, "num_statements": 1, "percent_covered": 100.0, "percent_covered_display": "100", "missing_lines": 0, "excluded_lines": 0, "percent_statements_covered": 100.0, "percent_statements_covered_display": "100"}, "missing_lines": [], "excluded_lines": [], "start_line": 165}, "UnifiedCache.__len__": {"executed_lines": [179, 180], "summary": {"covered_lines": 2, "num_statements": 2, "percent_covered": 100.0, "percent_covered_display": "100", "missing_lines": 0, "excluded_lines": 0, "percent_statements_covered": 100.0, "percent_statements_covered_display": "100"}, "missing_lines": [], "excluded_lines": [], "start_line": 177}, "UnifiedCache.__repr__": {"executed_lines": [], "summary": {"covered_lines": 0, "num_statements": 0, "percent_covered": 100.0, "percent_covered_display": "100", "missing_lines": 0, "excluded_lines": 4, "percent_statements_covered": 100.0, "percent_statements_covered_display": "100"}, "missing_lines": [], "excluded_lines": [183, 184, 185, 186], "start_line": 182}, "": {"executed_lines": [8, 9, 11, 14, 22, 47, 68, 92, 106, 110, 116, 128, 145, 156, 165, 177], "summary": {"covered_lines": 16, "num_statements": 16, "percent_covered": 100.0, "percent_covered_display": "100", "missing_lines": 0, "excluded_lines": 2, "percent_statements_covered": 100.0, "percent_statements_covered_display": "100"}, "missing_lines": [], "excluded_lines": [182, 194], "start_line": 1}}, "classes": {"UnifiedCache": {"executed_lines": [29, 30, 32, 44, 45, 58, 59, 60, 63, 65, 66, 79, 80, 82, 83, 84, 85, 88, 90, 98, 99, 101, 102, 103, 104, 108, 112, 113, 114, 122, 123, 124, 125, 126, 138, 139, 140, 142, 143, 152, 153, 154, 162, 163, 175, 179, 180], "summary": {"covered_lines": 47, "num_statements": 47, "percent_covered": 100.0, "percent_covered_display": "100", "missing_lines": 0, "excluded_lines": 4, "percent_statements_covered": 100.0, "percent_statements_covered_display": "100"}, "missing_lines": [], "excluded_lines": [183, 184, 185, 186], "start_line": 14}, "": {"executed_lines": [8, 9, 11, 14, 22, 47, 68, 92, 106, 110, 116, 128, 145, 156, 165, 177], "summary": {"covered_lines": 16, "num_statements": 16, "percent_covered": 100.0, "percent_covered_display": "100", "missing_lines": 0, "excluded_lines": 2, "percent_statements_covered": 100.0, "percent_statements_covered_display": "100"}, "missing_lines": [], "excluded_lines": [182, 194], "start_line": 1}}}, "jinja2_async_environment/compiler.py": {"executed_lines": [8, 10, 11, 12, 13, 14, 15, 18], "summary": {"covered_lines": 8, "num_statements": 8, "percent_covered": 100.0, "percent_covered_display": "100", "missing_lines": 0, "excluded_lines": 0, "percent_statements_covered": 100.0, "percent_statements_covered_display": "100"}, "missing_lines": [], "excluded_lines": [], "functions": {"": {"executed_lines": [8, 10, 11, 12, 13, 14, 15, 18], "summary": {"covered_lines": 8, "num_statements": 8, "percent_covered": 100.0, "percent_covered_display": "100", "missing_lines": 0, "excluded_lines": 0, "percent_statements_covered": 100.0, "percent_statements_covered_display": "100"}, "missing_lines": [], "excluded_lines": [], "start_line": 1}}, "classes": {"": {"executed_lines": [8, 10, 11, 12, 13, 14, 15, 18], "summary": {"covered_lines": 8, "num_statements": 8, "percent_covered": 100.0, "percent_covered_display": "100", "missing_lines": 0, "excluded_lines": 0, "percent_statements_covered": 100.0, "percent_statements_covered_display": "100"}, "missing_lines": [], "excluded_lines": [], "start_line": 1}}}, "jinja2_async_environment/compiler_modules/cache.py": {"executed_lines": [3, 6, 9, 10, 11, 13, 15, 16, 18, 20, 22, 24, 26, 27, 28, 30, 32, 34], "summary": {"covered_lines": 18, "num_statements": 18, "percent_covered": 100.0, "percent_covered_display": "100", "missing_lines": 0, "excluded_lines": 0, "percent_statements_covered": 100.0, "percent_statements_covered_display": "100"}, "missing_lines": [], "excluded_lines": [], "functions": {"CompilationCache.__init__": {"executed_lines": [10, 11], "summary": {"covered_lines": 2, "num_statements": 2, "percent_covered": 100.0, "percent_covered_display": "100", "missing_lines": 0, "excluded_lines": 0, "percent_statements_covered": 100.0, "percent_statements_covered_display": "100"}, "missing_lines": [], "excluded_lines": [], "start_line": 9}, "CompilationCache.get_cache_key": {"executed_lines": [15, 16], "summary": {"covered_lines": 2, "num_statements": 2, "percent_covered": 100.0, "percent_covered_display": "100", "missing_lines": 0, "excluded_lines": 0, "percent_statements_covered": 100.0, "percent_statements_covered_display": "100"}, "missing_lines": [], "excluded_lines": [], "start_line": 13}, "CompilationCache.get": {"executed_lines": [20], "summary": {"covered_lines": 1, "num_statements": 1, "percent_covered": 100.0, "percent_covered_display": "100", "missing_lines": 0, "excluded_lines": 0, "percent_statements_covered": 100.0, "percent_statements_covered_display": "100"}, "missing_lines": [], "excluded_lines": [], "start_line": 18}, "CompilationCache.set": {"executed_lines": [24, 26, 27, 28, 30], "summary": {"covered_lines": 5, "num_statements": 5, "percent_covered": 100.0, "percent_covered_display": "100", "missing_lines": 0, "excluded_lines": 0, "percent_statements_covered": 100.0, "percent_statements_covered_display": "100"}, "missing_lines": [], "excluded_lines": [], "start_line": 22}, "CompilationCache.clear": {"executed_lines": [34], "summary": {"covered_lines": 1, "num_statements": 1, "percent_covered": 100.0, "percent_covered_display": "100", "missing_lines": 0, "excluded_lines": 0, "percent_statements_covered": 100.0, "percent_statements_covered_display": "100"}, "missing_lines": [], "excluded_lines": [], "start_line": 32}, "": {"executed_lines": [3, 6, 9, 13, 18, 22, 32], "summary": {"covered_lines": 7, "num_statements": 7, "percent_covered": 100.0, "percent_covered_display": "100", "missing_lines": 0, "excluded_lines": 0, "percent_statements_covered": 100.0, "percent_statements_covered_display": "100"}, "missing_lines": [], "excluded_lines": [], "start_line": 1}}, "classes": {"CompilationCache": {"executed_lines": [10, 11, 15, 16, 20, 24, 26, 27, 28, 30, 34], "summary": {"covered_lines": 11, "num_statements": 11, "percent_covered": 100.0, "percent_covered_display": "100", "missing_lines": 0, "excluded_lines": 0, "percent_statements_covered": 100.0, "percent_statements_covered_display": "100"}, "missing_lines": [], "excluded_lines": [], "start_line": 6}, "": {"executed_lines": [3, 6, 9, 13, 18, 22, 32], "summary": {"covered_lines": 7, "num_statements": 7, "percent_covered": 100.0, "percent_covered_display": "100", "missing_lines": 0, "excluded_lines": 0, "percent_statements_covered": 100.0, "percent_statements_covered_display": "100"}, "missing_lines": [], "excluded_lines": [], "start_line": 1}}}, "jinja2_async_environment/compiler_modules/codegen.py": {"executed_lines": [3, 5, 6, 12, 13, 14, 15, 16, 18, 22, 25, 28, 29, 30, 31, 32, 33, 34, 35, 36, 37, 38, 39, 40, 41, 42, 43, 44, 47, 62, 65, 68, 69, 70, 71, 72, 73, 74, 75, 76, 77, 78, 81, 84, 85, 87, 89, 90, 92, 93, 95, 96, 98, 99, 100, 102, 107, 109, 115, 122, 123, 124, 126, 127, 128, 130, 131, 134, 135, 137, 141, 146, 147, 148, 150, 151, 152, 153, 155, 157, 158, 159, 160, 161, 162, 164, 165, 166, 167, 168, 170, 172, 173, 174, 177, 180, 186, 187, 188, 191, 195, 196, 197, 198, 200, 202, 223, 225, 227, 228, 229, 232, 233, 236, 239, 252, 254, 259, 260, 262, 265, 269, 270, 272, 275, 276, 277, 278, 280, 281, 282, 283, 284, 285, 286, 287, 289, 290, 293, 294, 298, 299, 300, 301, 302, 305, 308, 313, 316, 317, 320, 321, 325, 326, 327, 328, 329, 332, 333, 336, 338, 339, 340, 341, 342, 343, 344, 345, 346, 347, 351, 354, 355, 356, 359, 360, 362, 375, 377, 382, 385, 386, 387, 388, 389, 392, 393, 396, 397, 400, 405, 406, 409, 412, 413, 414, 415, 417, 419, 432, 435, 436, 438, 439, 441, 447, 450, 453, 464, 465, 466, 467, 468, 469, 470, 471, 472, 475, 477, 482, 483, 485, 488, 489, 492, 493, 494, 495, 496, 497, 498, 500, 502, 505, 506, 507, 508, 509, 510, 511, 514, 515, 516, 518, 523, 524, 525, 528, 529, 530, 533, 534, 535, 536, 538, 539, 540, 543, 545, 546, 551, 556, 557, 558, 561, 562, 564, 569, 573, 574, 577, 578, 581, 584, 585, 586, 587, 588, 591, 592, 595, 596, 597, 598, 601, 604, 605, 606, 609, 610, 613, 614, 617, 620, 621, 622, 623, 624, 626, 628, 629, 631, 636, 637, 638, 639, 661, 666, 667, 668, 669, 693, 698, 701, 702, 703, 705, 706, 754, 755, 756, 760, 761, 764, 767, 770, 773, 778, 781, 783, 787, 788, 789, 790, 791, 793, 797, 804, 805, 806, 808, 810, 814, 815, 816, 818, 822, 823, 846, 850, 851, 853, 854, 860, 871, 872, 873, 874, 877, 878, 882, 883, 885, 886, 887, 888, 889, 890, 892, 894, 898, 899, 901, 902, 903, 904, 905, 906, 908, 910, 913, 920, 922, 924, 925, 927, 928, 930, 931, 932, 933, 934, 936, 937, 939, 941, 942, 945, 948, 949, 950, 952, 957, 977, 979, 980, 981, 982, 984, 986, 987, 991, 992, 994, 996, 998, 999, 1000, 1002, 1006, 1007, 1008, 1010, 1011, 1012, 1014, 1016, 1017, 1020, 1021, 1022, 1024, 1025, 1026, 1027, 1028, 1032, 1035, 1036, 1037, 1038, 1039, 1041, 1043, 1045, 1047, 1048, 1050, 1056, 1058, 1061, 1062, 1065, 1068, 1070, 1077, 1078, 1079, 1080, 1081, 1082, 1084, 1086, 1093, 1094, 1095, 1098, 1100, 1101, 1102, 1103, 1104, 1105, 1107, 1116, 1117, 1118], "summary": {"covered_lines": 477, "num_statements": 588, "percent_covered": 81.12244897959184, "percent_covered_display": "81", "missing_lines": 111, "excluded_lines": 21, "percent_statements_covered": 81.12244897959184, "percent_statements_covered_display": "81"}, "missing_lines": [129, 154, 181, 182, 183, 204, 205, 207, 208, 210, 212, 213, 215, 216, 237, 255, 261, 309, 310, 334, 335, 398, 399, 401, 402, 442, 443, 444, 448, 454, 455, 456, 460, 575, 642, 645, 646, 649, 650, 651, 654, 657, 658, 659, 672, 675, 678, 679, 680, 683, 686, 687, 690, 691, 711, 712, 714, 716, 717, 718, 721, 722, 723, 726, 728, 729, 732, 733, 736, 737, 740, 741, 742, 745, 747, 748, 751, 752, 825, 826, 827, 828, 829, 830, 831, 832, 833, 834, 835, 836, 837, 838, 839, 840, 841, 842, 843, 844, 855, 911, 915, 918, 943, 953, 954, 1003, 1004, 1023, 1096, 1120, 1121], "excluded_lines": [19, 125, 133, 139, 537, 570, 757, 956, 958, 959, 961, 962, 963, 965, 966, 967, 970, 971, 972, 974, 975], "functions": {"AsyncCodeGenerator.__init__": {"executed_lines": [65, 68, 69, 70, 71, 72, 73, 74, 75, 76, 77, 78, 81, 84, 85, 87, 89, 90], "summary": {"covered_lines": 18, "num_statements": 18, "percent_covered": 100.0, "percent_covered_display": "100", "missing_lines": 0, "excluded_lines": 0, "percent_statements_covered": 100.0, "percent_statements_covered_display": "100"}, "missing_lines": [], "excluded_lines": [], "start_line": 62}, "AsyncCodeGenerator.choose_async": {"executed_lines": [93], "summary": {"covered_lines": 1, "num_statements": 1, "percent_covered": 100.0, "percent_covered_display": "100", "missing_lines": 0, "excluded_lines": 0, "percent_statements_covered": 100.0, "percent_statements_covered_display": "100"}, "missing_lines": [], "excluded_lines": [], "start_line": 92}, "AsyncCodeGenerator.simple_write": {"executed_lines": [96], "summary": {"covered_lines": 1, "num_statements": 1, "percent_covered": 100.0, "percent_covered_display": "100", "missing_lines": 0, "excluded_lines": 0, "percent_statements_covered": 100.0, "percent_statements_covered_display": "100"}, "missing_lines": [], "excluded_lines": [], "start_line": 95}, "AsyncCodeGenerator.func_code_generator": {"executed_lines": [99, 100], "summary": {"covered_lines": 2, "num_statements": 2, "percent_covered": 100.0, "percent_covered_display": "100", "missing_lines": 0, "excluded_lines": 0, "percent_statements_covered": 100.0, "percent_statements_covered_display": "100"}, "missing_lines": [], "excluded_lines": [], "start_line": 98}, "AsyncCodeGenerator.func": {"executed_lines": [107], "summary": {"covered_lines": 1, "num_statements": 1, "percent_covered": 100.0, "percent_covered_display": "100", "missing_lines": 0, "excluded_lines": 0, "percent_statements_covered": 100.0, "percent_statements_covered_display": "100"}, "missing_lines": [], "excluded_lines": [], "start_line": 102}, "AsyncCodeGenerator.enter_frame": {"executed_lines": [115, 122, 123, 124, 126, 127, 128, 130, 131, 134, 135], "summary": {"covered_lines": 11, "num_statements": 12, "percent_covered": 91.66666666666667, "percent_covered_display": "92", "missing_lines": 1, "excluded_lines": 2, "percent_statements_covered": 91.66666666666667, "percent_statements_covered_display": "92"}, "missing_lines": [129], "excluded_lines": [125, 133], "start_line": 109}, "AsyncCodeGenerator.leave_frame": {"executed_lines": [], "summary": {"covered_lines": 0, "num_statements": 0, "percent_covered": 100.0, "percent_covered_display": "100", "missing_lines": 0, "excluded_lines": 1, "percent_statements_covered": 100.0, "percent_statements_covered_display": "100"}, "missing_lines": [], "excluded_lines": [139], "start_line": 137}, "AsyncCodeGenerator.return_buffer_contents": {"executed_lines": [146, 147, 148], "summary": {"covered_lines": 3, "num_statements": 3, "percent_covered": 100.0, "percent_covered_display": "100", "missing_lines": 0, "excluded_lines": 0, "percent_statements_covered": 100.0, "percent_statements_covered_display": "100"}, "missing_lines": [], "excluded_lines": [], "start_line": 141}, "AsyncCodeGenerator.visit_Name": {"executed_lines": [151, 152, 153, 155], "summary": {"covered_lines": 4, "num_statements": 5, "percent_covered": 80.0, "percent_covered_display": "80", "missing_lines": 1, "excluded_lines": 0, "percent_statements_covered": 80.0, "percent_statements_covered_display": "80"}, "missing_lines": [154], "excluded_lines": [], "start_line": 150}, "AsyncCodeGenerator._handle_assignment_tracking": {"executed_lines": [158, 159, 160, 161, 162], "summary": {"covered_lines": 5, "num_statements": 5, "percent_covered": 100.0, "percent_covered_display": "100", "missing_lines": 0, "excluded_lines": 0, "percent_statements_covered": 100.0, "percent_statements_covered_display": "100"}, "missing_lines": [], "excluded_lines": [], "start_line": 157}, "AsyncCodeGenerator._handle_special_names": {"executed_lines": [165, 166, 167, 168], "summary": {"covered_lines": 4, "num_statements": 4, "percent_covered": 100.0, "percent_covered_display": "100", "missing_lines": 0, "excluded_lines": 0, "percent_statements_covered": 100.0, "percent_statements_covered_display": "100"}, "missing_lines": [], "excluded_lines": [], "start_line": 164}, "AsyncCodeGenerator._handle_symbol_name": {"executed_lines": [172, 173, 174, 177, 180, 186, 187, 188, 191, 195, 196, 197, 198, 200], "summary": {"covered_lines": 14, "num_statements": 17, "percent_covered": 82.3529411764706, "percent_covered_display": "82", "missing_lines": 3, "excluded_lines": 0, "percent_statements_covered": 82.3529411764706, "percent_statements_covered_display": "82"}, "missing_lines": [181, 182, 183], "excluded_lines": [], "start_line": 170}, "AsyncCodeGenerator._should_use_undefined_check": {"executed_lines": [], "summary": {"covered_lines": 0, "num_statements": 9, "percent_covered": 0.0, "percent_covered_display": "0", "missing_lines": 9, "excluded_lines": 0, "percent_statements_covered": 0.0, "percent_statements_covered_display": "0"}, "missing_lines": [204, 205, 207, 208, 210, 212, 213, 215, 216], "excluded_lines": [], "start_line": 202}, "AsyncCodeGenerator.pull_dependencies": {"executed_lines": [225, 227, 228, 229, 232, 233, 236], "summary": {"covered_lines": 7, "num_statements": 8, "percent_covered": 87.5, "percent_covered_display": "88", "missing_lines": 1, "excluded_lines": 0, "percent_statements_covered": 87.5, "percent_statements_covered_display": "88"}, "missing_lines": [237], "excluded_lines": [], "start_line": 223}, "AsyncCodeGenerator.generate": {"executed_lines": [252, 254, 259, 260, 262, 265, 269, 270, 272, 275, 276, 277, 278, 280, 281, 282, 283, 284, 285, 286, 287, 289, 290, 293, 294, 298, 299, 300, 301, 302, 305, 308, 313, 316, 317, 320, 321, 325, 326, 327, 328, 329, 332, 333, 336, 338, 339, 340, 341, 342, 343, 344, 345, 346, 347, 351, 354, 355, 356, 359, 360], "summary": {"covered_lines": 61, "num_statements": 67, "percent_covered": 91.04477611940298, "percent_covered_display": "91", "missing_lines": 6, "excluded_lines": 0, "percent_statements_covered": 91.04477611940298, "percent_statements_covered_display": "91"}, "missing_lines": [255, 261, 309, 310, 334, 335], "excluded_lines": [], "start_line": 239}, "AsyncCodeGenerator._generate_block_functions": {"executed_lines": [375, 377, 382, 385, 386, 387, 388, 389, 392, 393, 396, 397, 400, 405, 406, 409, 412, 413, 414, 415, 417], "summary": {"covered_lines": 21, "num_statements": 25, "percent_covered": 84.0, "percent_covered_display": "84", "missing_lines": 4, "excluded_lines": 0, "percent_statements_covered": 84.0, "percent_statements_covered_display": "84"}, "missing_lines": [398, 399, 401, 402], "excluded_lines": [], "start_line": 362}, "AsyncCodeGenerator.visit_Block": {"executed_lines": [432, 435, 436, 438, 439, 441, 447, 450, 453, 464, 465, 466, 467, 468, 469, 470, 471, 472, 475], "summary": {"covered_lines": 19, "num_statements": 27, "percent_covered": 70.37037037037037, "percent_covered_display": "70", "missing_lines": 8, "excluded_lines": 0, "percent_statements_covered": 70.37037037037037, "percent_statements_covered_display": "70"}, "missing_lines": [442, 443, 444, 448, 454, 455, 456, 460], "excluded_lines": [], "start_line": 419}, "AsyncCodeGenerator.visit_Extends": {"executed_lines": [482, 483, 485, 488, 489, 492, 493, 494, 495, 496, 497, 498, 500, 502, 505, 506, 507, 508, 509, 510, 511, 514, 515, 516], "summary": {"covered_lines": 24, "num_statements": 24, "percent_covered": 100.0, "percent_covered_display": "100", "missing_lines": 0, "excluded_lines": 0, "percent_statements_covered": 100.0, "percent_statements_covered_display": "100"}, "missing_lines": [], "excluded_lines": [], "start_line": 477}, "AsyncCodeGenerator.visit_Include": {"executed_lines": [523, 524, 525, 528, 529, 530, 533, 534, 535, 536, 538, 539, 540, 543, 545, 546, 551, 556, 557, 558, 561, 562], "summary": {"covered_lines": 22, "num_statements": 22, "percent_covered": 100.0, "percent_covered_display": "100", "missing_lines": 0, "excluded_lines": 1, "percent_statements_covered": 100.0, "percent_statements_covered_display": "100"}, "missing_lines": [], "excluded_lines": [537], "start_line": 518}, "AsyncCodeGenerator.visit_AsyncFor": {"executed_lines": [569, 573, 574, 577, 578, 581, 584, 585, 586, 587, 588, 591, 592, 595, 596, 597, 598, 601, 604, 605, 606, 609, 610, 613, 614, 617, 620, 621, 622, 623, 624], "summary": {"covered_lines": 31, "num_statements": 32, "percent_covered": 96.875, "percent_covered_display": "97", "missing_lines": 1, "excluded_lines": 1, "percent_statements_covered": 96.875, "percent_statements_covered_display": "97"}, "missing_lines": [575], "excluded_lines": [570], "start_line": 564}, "AsyncCodeGenerator.visit_AsyncCall": {"executed_lines": [628, 629], "summary": {"covered_lines": 2, "num_statements": 2, "percent_covered": 100.0, "percent_covered_display": "100", "missing_lines": 0, "excluded_lines": 0, "percent_statements_covered": 100.0, "percent_statements_covered_display": "100"}, "missing_lines": [], "excluded_lines": [], "start_line": 626}, "AsyncCodeGenerator.visit_AsyncFilterBlock": {"executed_lines": [636, 637, 638, 639], "summary": {"covered_lines": 4, "num_statements": 14, "percent_covered": 28.571428571428573, "percent_covered_display": "29", "missing_lines": 10, "excluded_lines": 0, "percent_statements_covered": 28.571428571428573, "percent_statements_covered_display": "29"}, "missing_lines": [642, 645, 646, 649, 650, 651, 654, 657, 658, 659], "excluded_lines": [], "start_line": 631}, "AsyncCodeGenerator.visit_AsyncBlock": {"executed_lines": [666, 667, 668, 669], "summary": {"covered_lines": 4, "num_statements": 14, "percent_covered": 28.571428571428573, "percent_covered_display": "29", "missing_lines": 10, "excluded_lines": 0, "percent_statements_covered": 28.571428571428573, "percent_statements_covered_display": "29"}, "missing_lines": [672, 675, 678, 679, 680, 683, 686, 687, 690, 691], "excluded_lines": [], "start_line": 661}, "AsyncCodeGenerator._import_common": {"executed_lines": [698, 701, 702, 703], "summary": {"covered_lines": 4, "num_statements": 4, "percent_covered": 100.0, "percent_covered_display": "100", "missing_lines": 0, "excluded_lines": 0, "percent_statements_covered": 100.0, "percent_statements_covered_display": "100"}, "missing_lines": [], "excluded_lines": [], "start_line": 693}, "AsyncCodeGenerator.compile_with_cache": {"executed_lines": [], "summary": {"covered_lines": 0, "num_statements": 24, "percent_covered": 0.0, "percent_covered_display": "0", "missing_lines": 24, "excluded_lines": 0, "percent_statements_covered": 0.0, "percent_statements_covered_display": "0"}, "missing_lines": [711, 712, 714, 716, 717, 718, 721, 722, 723, 726, 728, 729, 732, 733, 736, 737, 740, 741, 742, 745, 747, 748, 751, 752], "excluded_lines": [], "start_line": 706}, "AsyncCodeGenerator.visit_For": {"executed_lines": [755, 756, 760, 761, 764, 767, 770, 773, 778, 781], "summary": {"covered_lines": 10, "num_statements": 10, "percent_covered": 100.0, "percent_covered_display": "100", "missing_lines": 0, "excluded_lines": 1, "percent_statements_covered": 100.0, "percent_statements_covered_display": "100"}, "missing_lines": [], "excluded_lines": [757], "start_line": 754}, "AsyncCodeGenerator._setup_for_frames": {"executed_lines": [787, 788, 789, 790, 791], "summary": {"covered_lines": 5, "num_statements": 5, "percent_covered": 100.0, "percent_covered_display": "100", "missing_lines": 0, "excluded_lines": 0, "percent_statements_covered": 100.0, "percent_statements_covered_display": "100"}, "missing_lines": [], "excluded_lines": [], "start_line": 783}, "AsyncCodeGenerator._setup_for_loop_context": {"executed_lines": [797, 804, 805, 806, 808], "summary": {"covered_lines": 5, "num_statements": 5, "percent_covered": 100.0, "percent_covered_display": "100", "missing_lines": 0, "excluded_lines": 0, "percent_statements_covered": 100.0, "percent_statements_covered_display": "100"}, "missing_lines": [], "excluded_lines": [], "start_line": 793}, "AsyncCodeGenerator._analyze_for_nodes": {"executed_lines": [814, 815, 816], "summary": {"covered_lines": 3, "num_statements": 3, "percent_covered": 100.0, "percent_covered_display": "100", "missing_lines": 0, "excluded_lines": 0, "percent_statements_covered": 100.0, "percent_statements_covered_display": "100"}, "missing_lines": [], "excluded_lines": [], "start_line": 810}, "AsyncCodeGenerator._setup_for_filter": {"executed_lines": [822, 823], "summary": {"covered_lines": 2, "num_statements": 22, "percent_covered": 9.090909090909092, "percent_covered_display": "9", "missing_lines": 20, "excluded_lines": 0, "percent_statements_covered": 9.090909090909092, "percent_statements_covered_display": "9"}, "missing_lines": [825, 826, 827, 828, 829, 830, 831, 832, 833, 834, 835, 836, 837, 838, 839, 840, 841, 842, 843, 844], "excluded_lines": [], "start_line": 818}, "AsyncCodeGenerator._setup_for_variables": {"executed_lines": [850, 851, 853, 854], "summary": {"covered_lines": 4, "num_statements": 5, "percent_covered": 80.0, "percent_covered_display": "80", "missing_lines": 1, "excluded_lines": 0, "percent_statements_covered": 80.0, "percent_statements_covered_display": "80"}, "missing_lines": [855], "excluded_lines": [], "start_line": 846}, "AsyncCodeGenerator._generate_for_loop": {"executed_lines": [871, 872, 873, 874, 877, 878, 882, 883, 885, 886, 887, 888, 889, 890, 892], "summary": {"covered_lines": 15, "num_statements": 15, "percent_covered": 100.0, "percent_covered_display": "100", "missing_lines": 0, "excluded_lines": 0, "percent_statements_covered": 100.0, "percent_statements_covered_display": "100"}, "missing_lines": [], "excluded_lines": [], "start_line": 860}, "AsyncCodeGenerator._handle_for_else": {"executed_lines": [898, 899, 901, 902, 903, 904, 905, 906], "summary": {"covered_lines": 8, "num_statements": 8, "percent_covered": 100.0, "percent_covered_display": "100", "missing_lines": 0, "excluded_lines": 0, "percent_statements_covered": 100.0, "percent_statements_covered_display": "100"}, "missing_lines": [], "excluded_lines": [], "start_line": 894}, "AsyncCodeGenerator._cleanup_for_assignments": {"executed_lines": [910], "summary": {"covered_lines": 1, "num_statements": 2, "percent_covered": 50.0, "percent_covered_display": "50", "missing_lines": 1, "excluded_lines": 0, "percent_statements_covered": 50.0, "percent_statements_covered_display": "50"}, "missing_lines": [911], "excluded_lines": [], "start_line": 908}, "AsyncCodeGenerator.visit_Macro": {"executed_lines": [], "summary": {"covered_lines": 0, "num_statements": 2, "percent_covered": 0.0, "percent_covered_display": "0", "missing_lines": 2, "excluded_lines": 0, "percent_statements_covered": 0.0, "percent_statements_covered_display": "0"}, "missing_lines": [915, 918], "excluded_lines": [], "start_line": 913}, "AsyncCodeGenerator.visit_Filter": {"executed_lines": [922, 924, 925, 927, 928, 930, 931, 932, 933, 934, 936, 937], "summary": {"covered_lines": 12, "num_statements": 12, "percent_covered": 100.0, "percent_covered_display": "100", "missing_lines": 0, "excluded_lines": 0, "percent_statements_covered": 100.0, "percent_statements_covered_display": "100"}, "missing_lines": [], "excluded_lines": [], "start_line": 920}, "AsyncCodeGenerator._get_filter_reference": {"executed_lines": [941, 942], "summary": {"covered_lines": 2, "num_statements": 3, "percent_covered": 66.66666666666667, "percent_covered_display": "67", "missing_lines": 1, "excluded_lines": 0, "percent_statements_covered": 66.66666666666667, "percent_statements_covered_display": "67"}, "missing_lines": [943], "excluded_lines": [], "start_line": 939}, "AsyncCodeGenerator._write_filter_special_params": {"executed_lines": [948, 949, 950, 952, 957], "summary": {"covered_lines": 5, "num_statements": 7, "percent_covered": 71.42857142857143, "percent_covered_display": "71", "missing_lines": 2, "excluded_lines": 14, "percent_statements_covered": 71.42857142857143, "percent_statements_covered_display": "71"}, "missing_lines": [953, 954], "excluded_lines": [956, 958, 959, 961, 962, 963, 965, 966, 967, 970, 971, 972, 974, 975], "start_line": 945}, "AsyncCodeGenerator._write_filter_input": {"executed_lines": [979, 980, 981, 982], "summary": {"covered_lines": 4, "num_statements": 4, "percent_covered": 100.0, "percent_covered_display": "100", "missing_lines": 0, "excluded_lines": 0, "percent_statements_covered": 100.0, "percent_statements_covered_display": "100"}, "missing_lines": [], "excluded_lines": [], "start_line": 977}, "AsyncCodeGenerator._write_buffer_content": {"executed_lines": [986, 987, 991, 992, 994], "summary": {"covered_lines": 5, "num_statements": 5, "percent_covered": 100.0, "percent_covered_display": "100", "missing_lines": 0, "excluded_lines": 0, "percent_statements_covered": 100.0, "percent_statements_covered_display": "100"}, "missing_lines": [], "excluded_lines": [], "start_line": 984}, "AsyncCodeGenerator._write_filter_arguments": {"executed_lines": [998, 999, 1000, 1002, 1006, 1007, 1008, 1010, 1011, 1012], "summary": {"covered_lines": 10, "num_statements": 12, "percent_covered": 83.33333333333333, "percent_covered_display": "83", "missing_lines": 2, "excluded_lines": 0, "percent_statements_covered": 83.33333333333333, "percent_statements_covered_display": "83"}, "missing_lines": [1003, 1004], "excluded_lines": [], "start_line": 996}, "AsyncCodeGenerator.visit_Assign": {"executed_lines": [1016, 1017, 1020, 1021, 1022, 1024, 1025, 1026, 1027, 1028, 1032, 1035, 1036, 1037, 1038, 1039], "summary": {"covered_lines": 16, "num_statements": 17, "percent_covered": 94.11764705882354, "percent_covered_display": "94", "missing_lines": 1, "excluded_lines": 0, "percent_statements_covered": 94.11764705882354, "percent_statements_covered_display": "94"}, "missing_lines": [1023], "excluded_lines": [], "start_line": 1014}, "AsyncCodeGenerator.push_assign_tracking": {"executed_lines": [1043], "summary": {"covered_lines": 1, "num_statements": 1, "percent_covered": 100.0, "percent_covered_display": "100", "missing_lines": 0, "excluded_lines": 0, "percent_statements_covered": 100.0, "percent_statements_covered_display": "100"}, "missing_lines": [], "excluded_lines": [], "start_line": 1041}, "AsyncCodeGenerator.pop_assign_tracking": {"executed_lines": [1047, 1048, 1050, 1056, 1058, 1061, 1062, 1065, 1068], "summary": {"covered_lines": 9, "num_statements": 9, "percent_covered": 100.0, "percent_covered_display": "100", "missing_lines": 0, "excluded_lines": 0, "percent_statements_covered": 100.0, "percent_statements_covered_display": "100"}, "missing_lines": [], "excluded_lines": [], "start_line": 1045}, "AsyncCodeGenerator._handle_single_variable": {"executed_lines": [1077, 1078, 1079, 1080, 1081, 1082, 1084], "summary": {"covered_lines": 7, "num_statements": 7, "percent_covered": 100.0, "percent_covered_display": "100", "missing_lines": 0, "excluded_lines": 0, "percent_statements_covered": 100.0, "percent_statements_covered_display": "100"}, "missing_lines": [], "excluded_lines": [], "start_line": 1070}, "AsyncCodeGenerator._handle_multiple_variables": {"executed_lines": [1093, 1094, 1095, 1098, 1100, 1101, 1102, 1103, 1104, 1105], "summary": {"covered_lines": 10, "num_statements": 11, "percent_covered": 90.9090909090909, "percent_covered_display": "91", "missing_lines": 1, "excluded_lines": 0, "percent_statements_covered": 90.9090909090909, "percent_statements_covered_display": "91"}, "missing_lines": [1096], "excluded_lines": [], "start_line": 1086}, "AsyncCodeGenerator._handle_exported_variables": {"executed_lines": [1116, 1117, 1118], "summary": {"covered_lines": 3, "num_statements": 5, "percent_covered": 60.0, "percent_covered_display": "60", "missing_lines": 2, "excluded_lines": 0, "percent_statements_covered": 60.0, "percent_statements_covered_display": "60"}, "missing_lines": [1120, 1121], "excluded_lines": [], "start_line": 1107}, "": {"executed_lines": [3, 5, 6, 12, 13, 14, 15, 16, 18, 22, 25, 28, 29, 30, 31, 32, 33, 34, 35, 36, 37, 38, 39, 40, 41, 42, 43, 44, 47, 62, 92, 95, 98, 102, 109, 137, 141, 150, 157, 164, 170, 202, 223, 239, 362, 419, 477, 518, 564, 626, 631, 661, 693, 705, 706, 754, 783, 793, 810, 818, 846, 860, 894, 908, 913, 920, 939, 945, 977, 984, 996, 1014, 1041, 1045, 1070, 1086, 1107], "summary": {"covered_lines": 77, "num_statements": 77, "percent_covered": 100.0, "percent_covered_display": "100", "missing_lines": 0, "excluded_lines": 1, "percent_statements_covered": 100.0, "percent_statements_covered_display": "100"}, "missing_lines": [], "excluded_lines": [19], "start_line": 1}}, "classes": {"AsyncCodeGenerator": {"executed_lines": [65, 68, 69, 70, 71, 72, 73, 74, 75, 76, 77, 78, 81, 84, 85, 87, 89, 90, 93, 96, 99, 100, 107, 115, 122, 123, 124, 126, 127, 128, 130, 131, 134, 135, 146, 147, 148, 151, 152, 153, 155, 158, 159, 160, 161, 162, 165, 166, 167, 168, 172, 173, 174, 177, 180, 186, 187, 188, 191, 195, 196, 197, 198, 200, 225, 227, 228, 229, 232, 233, 236, 252, 254, 259, 260, 262, 265, 269, 270, 272, 275, 276, 277, 278, 280, 281, 282, 283, 284, 285, 286, 287, 289, 290, 293, 294, 298, 299, 300, 301, 302, 305, 308, 313, 316, 317, 320, 321, 325, 326, 327, 328, 329, 332, 333, 336, 338, 339, 340, 341, 342, 343, 344, 345, 346, 347, 351, 354, 355, 356, 359, 360, 375, 377, 382, 385, 386, 387, 388, 389, 392, 393, 396, 397, 400, 405, 406, 409, 412, 413, 414, 415, 417, 432, 435, 436, 438, 439, 441, 447, 450, 453, 464, 465, 466, 467, 468, 469, 470, 471, 472, 475, 482, 483, 485, 488, 489, 492, 493, 494, 495, 496, 497, 498, 500, 502, 505, 506, 507, 508, 509, 510, 511, 514, 515, 516, 523, 524, 525, 528, 529, 530, 533, 534, 535, 536, 538, 539, 540, 543, 545, 546, 551, 556, 557, 558, 561, 562, 569, 573, 574, 577, 578, 581, 584, 585, 586, 587, 588, 59
[...]
, 184, 211, 230, 231, 242], "summary": {"covered_lines": 26, "num_statements": 27, "percent_covered": 96.29629629629629, "percent_covered_display": "96", "missing_lines": 1, "excluded_lines": 0, "percent_statements_covered": 96.29629629629629, "percent_statements_covered_display": "96"}, "missing_lines": [14], "excluded_lines": [], "start_line": 1}}}, "jinja2_async_environment/loaders/package.py": {"executed_lines": [3, 4, 5, 6, 8, 9, 10, 12, 14, 18, 24, 30, 37, 48, 63, 64, 67, 68, 71, 72, 73, 74, 75, 76, 78, 87, 89, 92, 94, 95, 98, 103, 104, 111, 112, 114, 115, 116, 117, 119, 133, 134, 137, 138, 145, 146, 152, 153, 159, 161, 174, 176, 178, 196, 208, 210, 211, 212, 213, 215, 216, 217, 221, 222, 226, 227, 244, 248, 251, 252, 254, 255, 257, 258, 261, 265, 269, 270, 273, 274, 276, 277, 279, 294, 335, 348, 351, 353, 354, 370, 371, 372, 377, 395, 396, 407, 409, 410, 413, 423, 451, 457, 460, 461, 462, 463], "summary": {"covered_lines": 106, "num_statements": 186, "percent_covered": 56.98924731182796, "percent_covered_display": "57", "missing_lines": 80, "excluded_lines": 4, "percent_statements_covered": 56.98924731182796, "percent_statements_covered_display": "57"}, "missing_lines": [15, 99, 106, 147, 154, 175, 187, 188, 190, 191, 192, 194, 218, 224, 245, 262, 271, 284, 285, 287, 288, 291, 292, 307, 308, 310, 311, 315, 316, 317, 319, 320, 322, 324, 326, 331, 332, 333, 349, 356, 358, 359, 360, 361, 362, 364, 369, 373, 386, 388, 389, 390, 391, 393, 411, 414, 416, 417, 419, 430, 432, 434, 438, 440, 441, 443, 444, 446, 447, 449, 458, 465, 466, 467, 474, 475, 476, 478, 480, 481], "excluded_lines": [21, 27, 139, 140], "functions": {"AsyncPackageLoader.__init__": {"executed_lines": [63, 64, 67, 68, 71, 72, 73, 74, 75, 76], "summary": {"covered_lines": 10, "num_statements": 10, "percent_covered": 100.0, "percent_covered_display": "100", "missing_lines": 0, "excluded_lines": 0, "percent_statements_covered": 100.0, "percent_statements_covered_display": "100"}, "missing_lines": [], "excluded_lines": [], "start_line": 48}, "AsyncPackageLoader._perform_initialization": {"executed_lines": [87, 89, 92, 94, 95, 98, 103, 104, 111, 112, 114, 115, 116, 117], "summary": {"covered_lines": 14, "num_statements": 16, "percent_covered": 87.5, "percent_covered_display": "88", "missing_lines": 2, "excluded_lines": 0, "percent_statements_covered": 87.5, "percent_statements_covered_display": "88"}, "missing_lines": [99, 106], "excluded_lines": [], "start_line": 78}, "AsyncPackageLoader._initialize_loader": {"executed_lines": [133, 134, 137, 138, 145, 146, 152, 153, 159], "summary": {"covered_lines": 9, "num_statements": 11, "percent_covered": 81.81818181818181, "percent_covered_display": "82", "missing_lines": 2, "excluded_lines": 2, "percent_statements_covered": 81.81818181818181, "percent_statements_covered_display": "82"}, "missing_lines": [147, 154], "excluded_lines": [139, 140], "start_line": 119}, "AsyncPackageLoader._find_template_root": {"executed_lines": [174, 176], "summary": {"covered_lines": 2, "num_statements": 3, "percent_covered": 66.66666666666667, "percent_covered_display": "67", "missing_lines": 1, "excluded_lines": 0, "percent_statements_covered": 66.66666666666667, "percent_statements_covered_display": "67"}, "missing_lines": [175], "excluded_lines": [], "start_line": 161}, "AsyncPackageLoader._get_archive_template_root": {"executed_lines": [], "summary": {"covered_lines": 0, "num_statements": 6, "percent_covered": 0.0, "percent_covered_display": "0", "missing_lines": 6, "excluded_lines": 0, "percent_statements_covered": 0.0, "percent_statements_covered_display": "0"}, "missing_lines": [187, 188, 190, 191, 192, 194], "excluded_lines": [], "start_line": 178}, "AsyncPackageLoader._get_regular_template_root": {"executed_lines": [208, 210, 211, 212, 213, 215, 216, 217, 221, 222], "summary": {"covered_lines": 10, "num_statements": 12, "percent_covered": 83.33333333333333, "percent_covered_display": "83", "missing_lines": 2, "excluded_lines": 0, "percent_statements_covered": 83.33333333333333, "percent_statements_covered_display": "83"}, "missing_lines": [218, 224], "excluded_lines": [], "start_line": 196}, "AsyncPackageLoader.get_source_async": {"executed_lines": [244, 248, 251, 252, 254, 255, 257, 258, 261, 265, 269, 270, 273, 274, 276, 277, 279], "summary": {"covered_lines": 17, "num_statements": 26, "percent_covered": 65.38461538461539, "percent_covered_display": "65", "missing_lines": 9, "excluded_lines": 0, "percent_statements_covered": 65.38461538461539, "percent_statements_covered_display": "65"}, "missing_lines": [245, 262, 271, 284, 285, 287, 288, 291, 292], "excluded_lines": [], "start_line": 227}, "AsyncPackageLoader._get_source_with_archive": {"executed_lines": [], "summary": {"covered_lines": 0, "num_statements": 14, "percent_covered": 0.0, "percent_covered_display": "0", "missing_lines": 14, "excluded_lines": 0, "percent_statements_covered": 0.0, "percent_statements_covered_display": "0"}, "missing_lines": [307, 308, 310, 311, 315, 316, 317, 319, 320, 322, 326, 331, 332, 333], "excluded_lines": [], "start_line": 294}, "AsyncPackageLoader._get_source_with_archive.uptodate": {"executed_lines": [], "summary": {"covered_lines": 0, "num_statements": 1, "percent_covered": 0.0, "percent_covered_display": "0", "missing_lines": 1, "excluded_lines": 0, "percent_statements_covered": 0.0, "percent_statements_covered_display": "0"}, "missing_lines": [324], "excluded_lines": [], "start_line": 322}, "AsyncPackageLoader._get_source_regular": {"executed_lines": [348, 351, 353, 354, 370, 371, 372], "summary": {"covered_lines": 7, "num_statements": 12, "percent_covered": 58.333333333333336, "percent_covered_display": "58", "missing_lines": 5, "excluded_lines": 0, "percent_statements_covered": 58.333333333333336, "percent_statements_covered_display": "58"}, "missing_lines": [349, 356, 364, 369, 373], "excluded_lines": [], "start_line": 335}, "AsyncPackageLoader._get_source_regular.uptodate": {"executed_lines": [], "summary": {"covered_lines": 0, "num_statements": 5, "percent_covered": 0.0, "percent_covered_display": "0", "missing_lines": 5, "excluded_lines": 0, "percent_statements_covered": 0.0, "percent_statements_covered_display": "0"}, "missing_lines": [358, 359, 360, 361, 362], "excluded_lines": [], "start_line": 356}, "AsyncPackageLoader._get_mtime": {"executed_lines": [], "summary": {"covered_lines": 0, "num_statements": 6, "percent_covered": 0.0, "percent_covered_display": "0", "missing_lines": 6, "excluded_lines": 0, "percent_statements_covered": 0.0, "percent_statements_covered_display": "0"}, "missing_lines": [386, 388, 389, 390, 391, 393], "excluded_lines": [], "start_line": 377}, "AsyncPackageLoader.list_templates_async": {"executed_lines": [407, 409, 410, 413], "summary": {"covered_lines": 4, "num_statements": 9, "percent_covered": 44.44444444444444, "percent_covered_display": "44", "missing_lines": 5, "excluded_lines": 0, "percent_statements_covered": 44.44444444444444, "percent_statements_covered_display": "44"}, "missing_lines": [411, 414, 416, 417, 419], "excluded_lines": [], "start_line": 396}, "AsyncPackageLoader._list_templates_archive": {"executed_lines": [], "summary": {"covered_lines": 0, "num_statements": 11, "percent_covered": 0.0, "percent_covered_display": "0", "missing_lines": 11, "excluded_lines": 0, "percent_statements_covered": 0.0, "percent_statements_covered_display": "0"}, "missing_lines": [430, 432, 434, 438, 440, 441, 443, 444, 446, 447, 449], "excluded_lines": [], "start_line": 423}, "AsyncPackageLoader._list_templates_regular": {"executed_lines": [457, 460, 461, 462, 463], "summary": {"covered_lines": 5, "num_statements": 15, "percent_covered": 33.333333333333336, "percent_covered_display": "33", "missing_lines": 10, "excluded_lines": 0, "percent_statements_covered": 33.333333333333336, "percent_statements_covered_display": "33"}, "missing_lines": [458, 465, 466, 467, 474, 475, 476, 478, 480, 481], "excluded_lines": [], "start_line": 451}, "": {"executed_lines": [3, 4, 5, 6, 8, 9, 10, 12, 14, 18, 24, 30, 37, 48, 78, 119, 161, 178, 196, 226, 227, 294, 335, 377, 395, 396, 423, 451], "summary": {"covered_lines": 28, "num_statements": 29, "percent_covered": 96.55172413793103, "percent_covered_display": "97", "missing_lines": 1, "excluded_lines": 2, "percent_statements_covered": 96.55172413793103, "percent_statements_covered_display": "97"}, "missing_lines": [15], "excluded_lines": [21, 27], "start_line": 1}}, "classes": {"PackageSpecNotFound": {"executed_lines": [], "summary": {"covered_lines": 0, "num_statements": 0, "percent_covered": 100.0, "percent_covered_display": "100", "missing_lines": 0, "excluded_lines": 0, "percent_statements_covered": 100.0, "percent_statements_covered_display": "100"}, "missing_lines": [], "excluded_lines": [], "start_line": 18}, "LoaderNotFound": {"executed_lines": [], "summary": {"covered_lines": 0, "num_statements": 0, "percent_covered": 100.0, "percent_covered_display": "100", "missing_lines": 0, "excluded_lines": 0, "percent_statements_covered": 100.0, "percent_statements_covered_display": "100"}, "missing_lines": [], "excluded_lines": [], "start_line": 24}, "AsyncPackageLoader": {"executed_lines": [63, 64, 67, 68, 71, 72, 73, 74, 75, 76, 87, 89, 92, 94, 95, 98, 103, 104, 111, 112, 114, 115, 116, 117, 133, 134, 137, 138, 145, 146, 152, 153, 159, 174, 176, 208, 210, 211, 212, 213, 215, 216, 217, 221, 222, 244, 248, 251, 252, 254, 255, 257, 258, 261, 265, 269, 270, 273, 274, 276, 277, 279, 348, 351, 353, 354, 370, 371, 372, 407, 409, 410, 413, 457, 460, 461, 462, 463], "summary": {"covered_lines": 78, "num_statements": 157, "percent_covered": 49.681528662420384, "percent_covered_display": "50", "missing_lines": 79, "excluded_lines": 2, "percent_statements_covered": 49.681528662420384, "percent_statements_covered_display": "50"}, "missing_lines": [99, 106, 147, 154, 175, 187, 188, 190, 191, 192, 194, 218, 224, 245, 262, 271, 284, 285, 287, 288, 291, 292, 307, 308, 310, 311, 315, 316, 317, 319, 320, 322, 324, 326, 331, 332, 333, 349, 356, 358, 359, 360, 361, 362, 364, 369, 373, 386, 388, 389, 390, 391, 393, 411, 414, 416, 417, 419, 430, 432, 434, 438, 440, 441, 443, 444, 446, 447, 449, 458, 465, 466, 467, 474, 475, 476, 478, 480, 481], "excluded_lines": [139, 140], "start_line": 30}, "": {"executed_lines": [3, 4, 5, 6, 8, 9, 10, 12, 14, 18, 24, 30, 37, 48, 78, 119, 161, 178, 196, 226, 227, 294, 335, 377, 395, 396, 423, 451], "summary": {"covered_lines": 28, "num_statements": 29, "percent_covered": 96.55172413793103, "percent_covered_display": "97", "missing_lines": 1, "excluded_lines": 2, "percent_statements_covered": 96.55172413793103, "percent_statements_covered_display": "97"}, "missing_lines": [15], "excluded_lines": [21, 27], "start_line": 1}}}, "jinja2_async_environment/testing/context.py": {"executed_lines": [3, 4, 5, 8, 11, 12, 14, 16, 18, 20, 22, 24, 25, 27, 29, 30, 34, 37, 39, 42, 47, 49, 52, 54, 57, 58], "summary": {"covered_lines": 26, "num_statements": 31, "percent_covered": 83.87096774193549, "percent_covered_display": "84", "missing_lines": 5, "excluded_lines": 0, "percent_statements_covered": 83.87096774193549, "percent_statements_covered_display": "84"}, "missing_lines": [44, 60, 61, 62, 64], "excluded_lines": [], "functions": {"TestContext.__init__": {"executed_lines": [12], "summary": {"covered_lines": 1, "num_statements": 1, "percent_covered": 100.0, "percent_covered_display": "100", "missing_lines": 0, "excluded_lines": 0, "percent_statements_covered": 100.0, "percent_statements_covered_display": "100"}, "missing_lines": [], "excluded_lines": [], "start_line": 11}, "TestContext.set_test_name": {"executed_lines": [16], "summary": {"covered_lines": 1, "num_statements": 1, "percent_covered": 100.0, "percent_covered_display": "100", "missing_lines": 0, "excluded_lines": 0, "percent_statements_covered": 100.0, "percent_statements_covered_display": "100"}, "missing_lines": [], "excluded_lines": [], "start_line": 14}, "TestContext.get_test_name": {"executed_lines": [20], "summary": {"covered_lines": 1, "num_statements": 1, "percent_covered": 100.0, "percent_covered_display": "100", "missing_lines": 0, "excluded_lines": 0, "percent_statements_covered": 100.0, "percent_statements_covered_display": "100"}, "missing_lines": [], "excluded_lines": [], "start_line": 18}, "TestContext.clear_test_context": {"executed_lines": [24, 25], "summary": {"covered_lines": 2, "num_statements": 2, "percent_covered": 100.0, "percent_covered_display": "100", "missing_lines": 0, "excluded_lines": 0, "percent_statements_covered": 100.0, "percent_statements_covered_display": "100"}, "missing_lines": [], "excluded_lines": [], "start_line": 22}, "TestContext.is_test_case": {"executed_lines": [29, 30], "summary": {"covered_lines": 2, "num_statements": 2, "percent_covered": 100.0, "percent_covered_display": "100", "missing_lines": 0, "excluded_lines": 0, "percent_statements_covered": 100.0, "percent_statements_covered_display": "100"}, "missing_lines": [], "excluded_lines": [], "start_line": 27}, "set_test_name": {"executed_lines": [39], "summary": {"covered_lines": 1, "num_statements": 1, "percent_covered": 100.0, "percent_covered_display": "100", "missing_lines": 0, "excluded_lines": 0, "percent_statements_covered": 100.0, "percent_statements_covered_display": "100"}, "missing_lines": [], "excluded_lines": [], "start_line": 37}, "get_test_name": {"executed_lines": [], "summary": {"covered_lines": 0, "num_statements": 1, "percent_covered": 0.0, "percent_covered_display": "0", "missing_lines": 1, "excluded_lines": 0, "percent_statements_covered": 0.0, "percent_statements_covered_display": "0"}, "missing_lines": [44], "excluded_lines": [], "start_line": 42}, "clear_test_context": {"executed_lines": [49], "summary": {"covered_lines": 1, "num_statements": 1, "percent_covered": 100.0, "percent_covered_display": "100", "missing_lines": 0, "excluded_lines": 0, "percent_statements_covered": 100.0, "percent_statements_covered_display": "100"}, "missing_lines": [], "excluded_lines": [], "start_line": 47}, "is_test_case": {"executed_lines": [54], "summary": {"covered_lines": 1, "num_statements": 1, "percent_covered": 100.0, "percent_covered_display": "100", "missing_lines": 0, "excluded_lines": 0, "percent_statements_covered": 100.0, "percent_statements_covered_display": "100"}, "missing_lines": [], "excluded_lines": [], "start_line": 52}, "test_context": {"executed_lines": [], "summary": {"covered_lines": 0, "num_statements": 4, "percent_covered": 0.0, "percent_covered_display": "0", "missing_lines": 4, "excluded_lines": 0, "percent_statements_covered": 0.0, "percent_statements_covered_display": "0"}, "missing_lines": [60, 61, 62, 64], "excluded_lines": [], "start_line": 58}, "": {"executed_lines": [3, 4, 5, 8, 11, 14, 18, 22, 27, 34, 37, 42, 47, 52, 57, 58], "summary": {"covered_lines": 16, "num_statements": 16, "percent_covered": 100.0, "percent_covered_display": "100", "missing_lines": 0, "excluded_lines": 0, "percent_statements_covered": 100.0, "percent_statements_covered_display": "100"}, "missing_lines": [], "excluded_lines": [], "start_line": 1}}, "classes": {"TestContext": {"executed_lines": [12, 16, 20, 24, 25, 29, 30], "summary": {"covered_lines": 7, "num_statements": 7, "percent_covered": 100.0, "percent_covered_display": "100", "missing_lines": 0, "excluded_lines": 0, "percent_statements_covered": 100.0, "percent_statements_covered_display": "100"}, "missing_lines": [], "excluded_lines": [], "start_line": 8}, "": {"executed_lines": [3, 4, 5, 8, 11, 14, 18, 22, 27, 34, 37, 39, 42, 47, 49, 52, 54, 57, 58], "summary": {"covered_lines": 19, "num_statements": 24, "percent_covered": 79.16666666666667, "percent_covered_display": "79", "missing_lines": 5, "excluded_lines": 0, "percent_statements_covered": 79.16666666666667, "percent_statements_covered_display": "79"}, "missing_lines": [44, 60, 61, 62, 64], "excluded_lines": [], "start_line": 1}}}, "jinja2_async_environment/testing/fixtures.py": {"executed_lines": [3, 4, 5, 7, 10, 13, 16, 17, 19, 21, 23, 25, 27, 29, 33, 36, 41, 42, 44, 47, 50, 52, 53, 56, 58, 62, 63, 66], "summary": {"covered_lines": 28, "num_statements": 28, "percent_covered": 100.0, "percent_covered_display": "100", "missing_lines": 0, "excluded_lines": 1, "percent_statements_covered": 100.0, "percent_statements_covered_display": "100"}, "missing_lines": [], "excluded_lines": [38], "functions": {"UnifiedCache.__init__": {"executed_lines": [17], "summary": {"covered_lines": 1, "num_statements": 1, "percent_covered": 100.0, "percent_covered_display": "100", "missing_lines": 0, "excluded_lines": 0, "percent_statements_covered": 100.0, "percent_statements_covered_display": "100"}, "missing_lines": [], "excluded_lines": [], "start_line": 16}, "UnifiedCache.clear_all": {"executed_lines": [21], "summary": {"covered_lines": 1, "num_statements": 1, "percent_covered": 100.0, "percent_covered_display": "100", "missing_lines": 0, "excluded_lines": 0, "percent_statements_covered": 100.0, "percent_statements_covered_display": "100"}, "missing_lines": [], "excluded_lines": [], "start_line": 19}, "UnifiedCache.get": {"executed_lines": [25], "summary": {"covered_lines": 1, "num_statements": 1, "percent_covered": 100.0, "percent_covered_display": "100", "missing_lines": 0, "excluded_lines": 0, "percent_statements_covered": 100.0, "percent_statements_covered_display": "100"}, "missing_lines": [], "excluded_lines": [], "start_line": 23}, "UnifiedCache.set": {"executed_lines": [29], "summary": {"covered_lines": 1, "num_statements": 1, "percent_covered": 100.0, "percent_covered_display": "100", "missing_lines": 0, "excluded_lines": 0, "percent_statements_covered": 100.0, "percent_statements_covered_display": "100"}, "missing_lines": [], "excluded_lines": [], "start_line": 27}, "_clear_expired_cache": {"executed_lines": [], "summary": {"covered_lines": 0, "num_statements": 0, "percent_covered": 100.0, "percent_covered_display": "100", "missing_lines": 0, "excluded_lines": 1, "percent_statements_covered": 100.0, "percent_statements_covered_display": "100"}, "missing_lines": [], "excluded_lines": [38], "start_line": 36}, "isolated_test_context": {"executed_lines": [44, 47, 50, 52, 53, 56, 58], "summary": {"covered_lines": 7, "num_statements": 7, "percent_covered": 100.0, "percent_covered_display": "100", "missing_lines": 0, "excluded_lines": 0, "percent_statements_covered": 100.0, "percent_statements_covered_display": "100"}, "missing_lines": [], "excluded_lines": [], "start_line": 42}, "": {"executed_lines": [3, 4, 5, 7, 10, 13, 16, 19, 23, 27, 33, 36, 41, 42, 62, 63, 66], "summary": {"covered_lines": 17, "num_statements": 17, "percent_covered": 100.0, "percent_covered_display": "100", "missing_lines": 0, "excluded_lines": 0, "percent_statements_covered": 100.0, "percent_statements_covered_display": "100"}, "missing_lines": [], "excluded_lines": [], "start_line": 1}}, "classes": {"UnifiedCache": {"executed_lines": [17, 21, 25, 29], "summary": {"covered_lines": 4, "num_statements": 4, "percent_covered": 100.0, "percent_covered_display": "100", "missing_lines": 0, "excluded_lines": 0, "percent_statements_covered": 100.0, "percent_statements_covered_display": "100"}, "missing_lines": [], "excluded_lines": [], "start_line": 13}, "": {"executed_lines": [3, 4, 5, 7, 10, 13, 16, 19, 23, 27, 33, 36, 41, 42, 44, 47, 50, 52, 53, 56, 58, 62, 63, 66], "summary": {"covered_lines": 24, "num_statements": 24, "percent_covered": 100.0, "percent_covered_display": "100", "missing_lines": 0, "excluded_lines": 1, "percent_statements_covered": 100.0, "percent_statements_covered_display": "100"}, "missing_lines": [], "excluded_lines": [38], "start_line": 1}}}}, "totals": {"covered_lines": 1924, "num_statements": 2319, "percent_covered": 82.96679603277275, "percent_covered_display": "83", "missing_lines": 395, "excluded_lines": 76, "percent_statements_covered": 82.96679603277275, "percent_statements_covered_display": "83"}}